<html>
<head>
<title>TestNG:  Surefire test</title>
<link href="../testng.css" rel="stylesheet" type="text/css" />
<link href="../my-testng.css" rel="stylesheet" type="text/css" />

<style type="text/css">
.log { display: none;} 
.stack-trace { display: none;} 
</style>
<script type="text/javascript">
<!--
function flip(e) {
  current = e.style.display;
  if (current == 'block') {
    e.style.display = 'none';
    return 0;
  }
  else {
    e.style.display = 'block';
    return 1;
  }
}

function toggleBox(szDivId, elem, msg1, msg2)
{
  var res = -1;  if (document.getElementById) {
    res = flip(document.getElementById(szDivId));
  }
  else if (document.all) {
    // this is the way old msie versions work
    res = flip(document.all[szDivId]);
  }
  if(elem) {
    if(res == 0) elem.innerHTML = msg1; else elem.innerHTML = msg2;
  }

}

function toggleAllBoxes() {
  if (document.getElementsByTagName) {
    d = document.getElementsByTagName('div');
    for (i = 0; i < d.length; i++) {
      if (d[i].className == 'log') {
        flip(d[i]);
      }
    }
  }
}

// -->
</script>

</head>
<body>
<h2 align='center'>Surefire test</h2><table border='1' align="center">
<tr>
<td>Tests passed/Failed/Skipped:</td><td>40/6/1</td>
</tr><tr>
<td>Started on:</td><td>Fri Nov 08 11:03:08 IST 2024</td>
</tr>
<tr><td>Total time:</td><td>170 seconds (170636 ms)</td>
</tr><tr>
<td>Included groups:</td><td></td>
</tr><tr>
<td>Excluded groups:</td><td></td>
</tr>
</table><p/>
<small><i>(Hover the method name to see the test class name)</i></small><p/>
<table width='100%' border='1' class='invocation-failed'>
<tr><td colspan='4' align='center'><b>FAILED CONFIGURATIONS</b></td></tr>
<tr><td><b>Test method</b></td>
<td><b>Attribute(s)</b></td>
<td width="30%"><b>Exception</b></td>
<td width="10%"><b>Time (seconds)</b></td>
<td><b>Instance</b></td>
</tr>
<tr>
<td title='com.crm.comcast.contactTest_practice.createContactTest.configAM()'><b>configAM</b><br>Test class: com.crm.comcast.contactTest_practice.createContactTest<br/>
<a href="#Output-1638335699" onClick='toggleBox("Output-1638335699", this, "Show output", "Hide output");'>Show output</a>

<a href="#Output-1638335699" onClick="toggleAllBoxes();">Show all outputs</a>
<div class='log' id="Output-1638335699">
==== Logout AM =====<br/>
</div>
</td>
<td><div><pre>org.openqa.selenium.json.JsonException: java.lang.reflect.InvocationTargetException
Build info: version: &apos;4.12.0&apos;, revision: &apos;249f2a7d1b*&apos;
System info: os.name: &apos;Windows 10&apos;, os.arch: &apos;amd64&apos;, os.version: &apos;10.0&apos;, java.version: &apos;17.0.10&apos;
Driver info: org.openqa.selenium.chrome.ChromeDriver
Command: [183bcbfdb6998439113c546a677d8ed8, actions {actions=[org.openqa.selenium.interactions.Sequence@6c96403e]}]
Capabilities {acceptInsecureCerts: false, browserName: chrome, browserVersion: 130.0.6723.92, chrome: {chromedriverVersion: 130.0.6723.116 (6ac35f94ae3..., userDataDir: C:\Users\BHIMAS~1\AppData\L...}, fedcm:accounts: true, goog:chromeOptions: {debuggerAddress: localhost:57673}, networkConnectionEnabled: false, pageLoadStrategy: normal, platformName: windows, proxy: Proxy(), se:cdp: ws://localhost:57673/devtoo..., se:cdpVersion: 130.0.6723.92, setWindowRect: true, strictFileInteractability: false, timeouts: {implicit: 0, pageLoad: 300000, script: 30000}, unhandledPromptBehavior: dismiss and notify, webauthn:extension:credBlob: true, webauthn:extension:largeBlob: true, webauthn:extension:minPinLength: true, webauthn:extension:prf: true, webauthn:virtualAuthenticators: true}
Session ID: 183bcbfdb6998439113c546a677d8ed8
	at org.openqa.selenium.json.JsonOutput.convertUsingMethod(JsonOutput.java:520)
	at org.openqa.selenium.json.JsonOutput.lambda$new$16(JsonOutput.java:182)
	at org.openqa.selenium.json.JsonOutput.write0(JsonOutput.java:409)
	at org.openqa.selenium.json.JsonOutput.lambda$new$22(JsonOutput.java:204)
	at java.base/java.util.stream.ForEachOps$ForEachOp$OfRef.accept(ForEachOps.java:183)
	at java.base/java.util.stream.ReferencePipeline$2$1.accept(ReferencePipeline.java:179)
	at java.base/java.util.Iterator.forEachRemaining(Iterator.java:133)
	at java.base/java.util.Spliterators$IteratorSpliterator.forEachRemaining(Spliterators.java:1845)
	at java.base/java.util.stream.AbstractPipeline.copyInto(AbstractPipeline.java:509)
	at java.base/java.util.stream.AbstractPipeline.wrapAndCopyInto(AbstractPipeline.java:499)
	at java.base/java.util.stream.ForEachOps$ForEachOp.evaluateSequential(ForEachOps.java:150)
	at java.base/java.util.stream.ForEachOps$ForEachOp$OfRef.evaluateSequential(ForEachOps.java:173)
	at java.base/java.util.stream.AbstractPipeline.evaluate(AbstractPipeline.java:234)
	at java.base/java.util.stream.ReferencePipeline.forEach(ReferencePipeline.java:596)
	at org.openqa.selenium.json.JsonOutput.lambda$new$23(JsonOutput.java:204)
	at org.openqa.selenium.json.JsonOutput.write0(JsonOutput.java:409)
	at org.openqa.selenium.json.JsonOutput.lambda$new$24(JsonOutput.java:222)
	at com.google.common.collect.SingletonImmutableBiMap.forEach(SingletonImmutableBiMap.java:68)
	at org.openqa.selenium.json.JsonOutput.lambda$new$25(JsonOutput.java:217)
	at org.openqa.selenium.json.JsonOutput.write0(JsonOutput.java:409)
	at org.openqa.selenium.json.JsonOutput.write(JsonOutput.java:400)
	at org.openqa.selenium.json.Json.toJson(Json.java:133)
	at org.openqa.selenium.json.Json.toJson(Json.java:119)
	at org.openqa.selenium.remote.codec.AbstractHttpCommandCodec.encode(AbstractHttpCommandCodec.java:273)
	at org.openqa.selenium.remote.codec.AbstractHttpCommandCodec.encode(AbstractHttpCommandCodec.java:127)
	at org.openqa.selenium.remote.HttpCommandExecutor.execute(HttpCommandExecutor.java:179)
	at org.openqa.selenium.remote.service.DriverCommandExecutor.invokeExecute(DriverCommandExecutor.java:196)
	at org.openqa.selenium.remote.service.DriverCommandExecutor.execute(DriverCommandExecutor.java:171)
	at org.openqa.selenium.remote.RemoteWebDriver.execute(RemoteWebDriver.java:602)
	at org.openqa.selenium.remote.RemoteWebDriver.perform(RemoteWebDriver.java:688)
	at org.openqa.selenium.interactions.Actions$BuiltAction.perform(Actions.java:605)
	at org.openqa.selenium.interactions.Actions.perform(Actions.java:574)
	at com.comcast.crm.objectrepositoryutility.HomePage.logout(HomePage.java:99)
	at com.comcast.crm.basetest.BaseClass_practice.configAM(BaseClass_practice.java:84)
	at java.base/java.util.ArrayList.forEach(ArrayList.java:1511)
	Suppressed: org.openqa.selenium.json.JsonException: Attempting to close incomplete json stream
Build info: version: &apos;4.12.0&apos;, revision: &apos;249f2a7d1b*&apos;
System info: os.name: &apos;Windows 10&apos;, os.arch: &apos;amd64&apos;, os.version: &apos;10.0&apos;, java.version: &apos;17.0.10&apos;
Driver info: driver.version: RemoteWebDriver
		at org.openqa.selenium.json.JsonOutput.close(JsonOutput.java:431)
		at org.openqa.selenium.json.Json.toJson(Json.java:131)
		... 50 more
	at org.openqa.selenium.json.JsonOutput.convertUsingMethod(JsonOutput.java:516)
	... 71 more
Caused by: org.openqa.selenium.NoSuchElementException: no such element: Unable to locate element: {&quot;method&quot;:&quot;xpath&quot;,&quot;selector&quot;:&quot;//img[@src=&apos;themes/softed/images/user.PNG&apos;]&quot;}
  (Session info: chrome=130.0.6723.92)
For documentation on this error, please visit: https://www.selenium.dev/documentation/webdriver/troubleshooting/errors#no-such-element-exception
Build info: version: &apos;4.12.0&apos;, revision: &apos;249f2a7d1b*&apos;
System info: os.name: &apos;Windows 10&apos;, os.arch: &apos;amd64&apos;, os.version: &apos;10.0&apos;, java.version: &apos;17.0.10&apos;
Driver info: org.openqa.selenium.chrome.ChromeDriver
Command: [183bcbfdb6998439113c546a677d8ed8, findElement {using=xpath, value=//img[@src=&apos;themes/softed/images/user.PNG&apos;]}]
Capabilities {acceptInsecureCerts: false, browserName: chrome, browserVersion: 130.0.6723.92, chrome: {chromedriverVersion: 130.0.6723.116 (6ac35f94ae3..., userDataDir: C:\Users\BHIMAS~1\AppData\L...}, fedcm:accounts: true, goog:chromeOptions: {debuggerAddress: localhost:57673}, networkConnectionEnabled: false, pageLoadStrategy: normal, platformName: windows, proxy: Proxy(), se:cdp: ws://localhost:57673/devtoo..., se:cdpVersion: 130.0.6723.92, setWindowRect: true, strictFileInteractability: false, timeouts: {implicit: 0, pageLoad: 300000, script: 30000}, unhandledPromptBehavior: dismiss and notify, webauthn:extension:credBlob: true, webauthn:extension:largeBlob: true, webauthn:extension:minPinLength: true, webauthn:extension:prf: true, webauthn:virtualAuthenticators: true}
Session ID: 183bcbfdb6998439113c546a677d8ed8
	at org.openqa.selenium.remote.codec.w3c.W3CHttpResponseCodec.createException(W3CHttpResponseCodec.java:200)
	at org.openqa.selenium.remote.codec.w3c.W3CHttpResponseCodec.decode(W3CHttpResponseCodec.java:133)
	at org.openqa.selenium.remote.codec.w3c.W3CHttpResponseCodec.decode(W3CHttpResponseCodec.java:52)
	at org.openqa.selenium.remote.HttpCommandExecutor.execute(HttpCommandExecutor.java:191)
	at org.openqa.selenium.remote.service.DriverCommandExecutor.invokeExecute(DriverCommandExecutor.java:196)
	at org.openqa.selenium.remote.service.DriverCommandExecutor.execute(DriverCommandExecutor.java:171)
	at org.openqa.selenium.remote.RemoteWebDriver.execute(RemoteWebDriver.java:602)
	at org.openqa.selenium.remote.ElementLocation$ElementFinder$2.findElement(ElementLocation.java:165)
	at org.openqa.selenium.remote.ElementLocation.findElement(ElementLocation.java:59)
	at org.openqa.selenium.remote.RemoteWebDriver.findElement(RemoteWebDriver.java:359)
	at org.openqa.selenium.remote.RemoteWebDriver.findElement(RemoteWebDriver.java:353)
	at org.openqa.selenium.support.pagefactory.DefaultElementLocator.findElement(DefaultElementLocator.java:68)
	at org.openqa.selenium.support.pagefactory.internal.LocatingElementHandler.invoke(LocatingElementHandler.java:38)
	at jdk.proxy2/jdk.proxy2.$Proxy20.getWrappedElement(Unknown Source)
	at org.openqa.selenium.interactions.PointerInput$Origin.asArg(PointerInput.java:259)
	at org.openqa.selenium.interactions.PointerInput$Move.encode(PointerInput.java:208)
	at org.openqa.selenium.interactions.Sequence.encode(Sequence.java:72)
	at org.openqa.selenium.interactions.Sequence.toJson(Sequence.java:81)
	... 76 more
... Removed 47 stack frames</pre></div><a href='#' onClick='toggleBox("stack-trace1638335699", this, "Click to show all stack frames", "Click to hide stack frames")'>Click to show all stack frames</a>
<div class='stack-trace' id='stack-trace1638335699'><pre>org.openqa.selenium.json.JsonException: java.lang.reflect.InvocationTargetException
Build info: version: &apos;4.12.0&apos;, revision: &apos;249f2a7d1b*&apos;
System info: os.name: &apos;Windows 10&apos;, os.arch: &apos;amd64&apos;, os.version: &apos;10.0&apos;, java.version: &apos;17.0.10&apos;
Driver info: org.openqa.selenium.chrome.ChromeDriver
Command: [183bcbfdb6998439113c546a677d8ed8, actions {actions=[org.openqa.selenium.interactions.Sequence@6c96403e]}]
Capabilities {acceptInsecureCerts: false, browserName: chrome, browserVersion: 130.0.6723.92, chrome: {chromedriverVersion: 130.0.6723.116 (6ac35f94ae3..., userDataDir: C:\Users\BHIMAS~1\AppData\L...}, fedcm:accounts: true, goog:chromeOptions: {debuggerAddress: localhost:57673}, networkConnectionEnabled: false, pageLoadStrategy: normal, platformName: windows, proxy: Proxy(), se:cdp: ws://localhost:57673/devtoo..., se:cdpVersion: 130.0.6723.92, setWindowRect: true, strictFileInteractability: false, timeouts: {implicit: 0, pageLoad: 300000, script: 30000}, unhandledPromptBehavior: dismiss and notify, webauthn:extension:credBlob: true, webauthn:extension:largeBlob: true, webauthn:extension:minPinLength: true, webauthn:extension:prf: true, webauthn:virtualAuthenticators: true}
Session ID: 183bcbfdb6998439113c546a677d8ed8
	at org.openqa.selenium.json.JsonOutput.convertUsingMethod(JsonOutput.java:520)
	at org.openqa.selenium.json.JsonOutput.lambda$new$16(JsonOutput.java:182)
	at org.openqa.selenium.json.JsonOutput.write0(JsonOutput.java:409)
	at org.openqa.selenium.json.JsonOutput.lambda$new$22(JsonOutput.java:204)
	at java.base/java.util.stream.ForEachOps$ForEachOp$OfRef.accept(ForEachOps.java:183)
	at java.base/java.util.stream.ReferencePipeline$2$1.accept(ReferencePipeline.java:179)
	at java.base/java.util.Iterator.forEachRemaining(Iterator.java:133)
	at java.base/java.util.Spliterators$IteratorSpliterator.forEachRemaining(Spliterators.java:1845)
	at java.base/java.util.stream.AbstractPipeline.copyInto(AbstractPipeline.java:509)
	at java.base/java.util.stream.AbstractPipeline.wrapAndCopyInto(AbstractPipeline.java:499)
	at java.base/java.util.stream.ForEachOps$ForEachOp.evaluateSequential(ForEachOps.java:150)
	at java.base/java.util.stream.ForEachOps$ForEachOp$OfRef.evaluateSequential(ForEachOps.java:173)
	at java.base/java.util.stream.AbstractPipeline.evaluate(AbstractPipeline.java:234)
	at java.base/java.util.stream.ReferencePipeline.forEach(ReferencePipeline.java:596)
	at org.openqa.selenium.json.JsonOutput.lambda$new$23(JsonOutput.java:204)
	at org.openqa.selenium.json.JsonOutput.write0(JsonOutput.java:409)
	at org.openqa.selenium.json.JsonOutput.lambda$new$24(JsonOutput.java:222)
	at com.google.common.collect.SingletonImmutableBiMap.forEach(SingletonImmutableBiMap.java:68)
	at org.openqa.selenium.json.JsonOutput.lambda$new$25(JsonOutput.java:217)
	at org.openqa.selenium.json.JsonOutput.write0(JsonOutput.java:409)
	at org.openqa.selenium.json.JsonOutput.write(JsonOutput.java:400)
	at org.openqa.selenium.json.Json.toJson(Json.java:133)
	at org.openqa.selenium.json.Json.toJson(Json.java:119)
	at org.openqa.selenium.remote.codec.AbstractHttpCommandCodec.encode(AbstractHttpCommandCodec.java:273)
	at org.openqa.selenium.remote.codec.AbstractHttpCommandCodec.encode(AbstractHttpCommandCodec.java:127)
	at org.openqa.selenium.remote.HttpCommandExecutor.execute(HttpCommandExecutor.java:179)
	at org.openqa.selenium.remote.service.DriverCommandExecutor.invokeExecute(DriverCommandExecutor.java:196)
	at org.openqa.selenium.remote.service.DriverCommandExecutor.execute(DriverCommandExecutor.java:171)
	at org.openqa.selenium.remote.RemoteWebDriver.execute(RemoteWebDriver.java:602)
	at org.openqa.selenium.remote.RemoteWebDriver.perform(RemoteWebDriver.java:688)
	at org.openqa.selenium.interactions.Actions$BuiltAction.perform(Actions.java:605)
	at org.openqa.selenium.interactions.Actions.perform(Actions.java:574)
	at com.comcast.crm.objectrepositoryutility.HomePage.logout(HomePage.java:99)
	at com.comcast.crm.basetest.BaseClass_practice.configAM(BaseClass_practice.java:84)
	at java.base/jdk.internal.reflect.NativeMethodAccessorImpl.invoke0(Native Method)
	at java.base/jdk.internal.reflect.NativeMethodAccessorImpl.invoke(NativeMethodAccessorImpl.java:77)
	at java.base/jdk.internal.reflect.DelegatingMethodAccessorImpl.invoke(DelegatingMethodAccessorImpl.java:43)
	at java.base/java.lang.reflect.Method.invoke(Method.java:568)
	at org.testng.internal.invokers.MethodInvocationHelper.invokeMethod(MethodInvocationHelper.java:139)
	at org.testng.internal.invokers.MethodInvocationHelper.invokeMethodConsideringTimeout(MethodInvocationHelper.java:69)
	at org.testng.internal.invokers.ConfigInvoker.invokeConfigurationMethod(ConfigInvoker.java:361)
	at org.testng.internal.invokers.ConfigInvoker.invokeConfigurations(ConfigInvoker.java:296)
	at org.testng.internal.invokers.TestInvoker.runConfigMethods(TestInvoker.java:823)
	at org.testng.internal.invokers.TestInvoker.runAfterConfigurations(TestInvoker.java:792)
	at org.testng.internal.invokers.TestInvoker.invokeMethod(TestInvoker.java:768)
	at org.testng.internal.invokers.TestInvoker.invokeTestMethod(TestInvoker.java:221)
	at org.testng.internal.invokers.MethodRunner.runInSequence(MethodRunner.java:50)
	at org.testng.internal.invokers.TestInvoker$MethodInvocationAgent.invoke(TestInvoker.java:969)
	at org.testng.internal.invokers.TestInvoker.invokeTestMethods(TestInvoker.java:194)
	at org.testng.internal.invokers.TestMethodWorker.invokeTestMethods(TestMethodWorker.java:148)
	at org.testng.internal.invokers.TestMethodWorker.run(TestMethodWorker.java:128)
	at java.base/java.util.ArrayList.forEach(ArrayList.java:1511)
	at org.testng.TestRunner.privateRun(TestRunner.java:829)
	at org.testng.TestRunner.run(TestRunner.java:602)
	at org.testng.SuiteRunner.runTest(SuiteRunner.java:437)
	at org.testng.SuiteRunner.runSequentially(SuiteRunner.java:431)
	at org.testng.SuiteRunner.privateRun(SuiteRunner.java:391)
	at org.testng.SuiteRunner.run(SuiteRunner.java:330)
	at org.testng.SuiteRunnerWorker.runSuite(SuiteRunnerWorker.java:52)
	at org.testng.SuiteRunnerWorker.run(SuiteRunnerWorker.java:95)
	at org.testng.TestNG.runSuitesSequentially(TestNG.java:1256)
	at org.testng.TestNG.runSuitesLocally(TestNG.java:1176)
	at org.testng.TestNG.runSuites(TestNG.java:1099)
	at org.testng.TestNG.run(TestNG.java:1067)
	at org.apache.maven.surefire.testng.TestNGExecutor.run(TestNGExecutor.java:155)
	at org.apache.maven.surefire.testng.TestNGDirectoryTestSuite.executeMulti(TestNGDirectoryTestSuite.java:169)
	at org.apache.maven.surefire.testng.TestNGDirectoryTestSuite.execute(TestNGDirectoryTestSuite.java:88)
	at org.apache.maven.surefire.testng.TestNGProvider.invoke(TestNGProvider.java:137)
	at org.apache.maven.surefire.booter.ForkedBooter.runSuitesInProcess(ForkedBooter.java:385)
	at org.apache.maven.surefire.booter.ForkedBooter.execute(ForkedBooter.java:162)
	at org.apache.maven.surefire.booter.ForkedBooter.run(ForkedBooter.java:507)
	at org.apache.maven.surefire.booter.ForkedBooter.main(ForkedBooter.java:495)
	Suppressed: org.openqa.selenium.json.JsonException: Attempting to close incomplete json stream
Build info: version: &apos;4.12.0&apos;, revision: &apos;249f2a7d1b*&apos;
System info: os.name: &apos;Windows 10&apos;, os.arch: &apos;amd64&apos;, os.version: &apos;10.0&apos;, java.version: &apos;17.0.10&apos;
Driver info: driver.version: RemoteWebDriver
		at org.openqa.selenium.json.JsonOutput.close(JsonOutput.java:431)
		at org.openqa.selenium.json.Json.toJson(Json.java:131)
		... 50 more
Caused by: java.lang.reflect.InvocationTargetException
	at java.base/jdk.internal.reflect.NativeMethodAccessorImpl.invoke0(Native Method)
	at java.base/jdk.internal.reflect.NativeMethodAccessorImpl.invoke(NativeMethodAccessorImpl.java:77)
	at java.base/jdk.internal.reflect.DelegatingMethodAccessorImpl.invoke(DelegatingMethodAccessorImpl.java:43)
	at java.base/java.lang.reflect.Method.invoke(Method.java:568)
	at org.openqa.selenium.json.JsonOutput.convertUsingMethod(JsonOutput.java:516)
	... 71 more
Caused by: org.openqa.selenium.NoSuchElementException: no such element: Unable to locate element: {&quot;method&quot;:&quot;xpath&quot;,&quot;selector&quot;:&quot;//img[@src=&apos;themes/softed/images/user.PNG&apos;]&quot;}
  (Session info: chrome=130.0.6723.92)
For documentation on this error, please visit: https://www.selenium.dev/documentation/webdriver/troubleshooting/errors#no-such-element-exception
Build info: version: &apos;4.12.0&apos;, revision: &apos;249f2a7d1b*&apos;
System info: os.name: &apos;Windows 10&apos;, os.arch: &apos;amd64&apos;, os.version: &apos;10.0&apos;, java.version: &apos;17.0.10&apos;
Driver info: org.openqa.selenium.chrome.ChromeDriver
Command: [183bcbfdb6998439113c546a677d8ed8, findElement {using=xpath, value=//img[@src=&apos;themes/softed/images/user.PNG&apos;]}]
Capabilities {acceptInsecureCerts: false, browserName: chrome, browserVersion: 130.0.6723.92, chrome: {chromedriverVersion: 130.0.6723.116 (6ac35f94ae3..., userDataDir: C:\Users\BHIMAS~1\AppData\L...}, fedcm:accounts: true, goog:chromeOptions: {debuggerAddress: localhost:57673}, networkConnectionEnabled: false, pageLoadStrategy: normal, platformName: windows, proxy: Proxy(), se:cdp: ws://localhost:57673/devtoo..., se:cdpVersion: 130.0.6723.92, setWindowRect: true, strictFileInteractability: false, timeouts: {implicit: 0, pageLoad: 300000, script: 30000}, unhandledPromptBehavior: dismiss and notify, webauthn:extension:credBlob: true, webauthn:extension:largeBlob: true, webauthn:extension:minPinLength: true, webauthn:extension:prf: true, webauthn:virtualAuthenticators: true}
Session ID: 183bcbfdb6998439113c546a677d8ed8
	at java.base/jdk.internal.reflect.NativeConstructorAccessorImpl.newInstance0(Native Method)
	at java.base/jdk.internal.reflect.NativeConstructorAccessorImpl.newInstance(NativeConstructorAccessorImpl.java:77)
	at java.base/jdk.internal.reflect.DelegatingConstructorAccessorImpl.newInstance(DelegatingConstructorAccessorImpl.java:45)
	at java.base/java.lang.reflect.Constructor.newInstanceWithCaller(Constructor.java:499)
	at java.base/java.lang.reflect.Constructor.newInstance(Constructor.java:480)
	at org.openqa.selenium.remote.codec.w3c.W3CHttpResponseCodec.createException(W3CHttpResponseCodec.java:200)
	at org.openqa.selenium.remote.codec.w3c.W3CHttpResponseCodec.decode(W3CHttpResponseCodec.java:133)
	at org.openqa.selenium.remote.codec.w3c.W3CHttpResponseCodec.decode(W3CHttpResponseCodec.java:52)
	at org.openqa.selenium.remote.HttpCommandExecutor.execute(HttpCommandExecutor.java:191)
	at org.openqa.selenium.remote.service.DriverCommandExecutor.invokeExecute(DriverCommandExecutor.java:196)
	at org.openqa.selenium.remote.service.DriverCommandExecutor.execute(DriverCommandExecutor.java:171)
	at org.openqa.selenium.remote.RemoteWebDriver.execute(RemoteWebDriver.java:602)
	at org.openqa.selenium.remote.ElementLocation$ElementFinder$2.findElement(ElementLocation.java:165)
	at org.openqa.selenium.remote.ElementLocation.findElement(ElementLocation.java:59)
	at org.openqa.selenium.remote.RemoteWebDriver.findElement(RemoteWebDriver.java:359)
	at org.openqa.selenium.remote.RemoteWebDriver.findElement(RemoteWebDriver.java:353)
	at org.openqa.selenium.support.pagefactory.DefaultElementLocator.findElement(DefaultElementLocator.java:68)
	at org.openqa.selenium.support.pagefactory.internal.LocatingElementHandler.invoke(LocatingElementHandler.java:38)
	at jdk.proxy2/jdk.proxy2.$Proxy20.getWrappedElement(Unknown Source)
	at org.openqa.selenium.interactions.PointerInput$Origin.asArg(PointerInput.java:259)
	at org.openqa.selenium.interactions.PointerInput$Move.encode(PointerInput.java:208)
	at org.openqa.selenium.interactions.Sequence.encode(Sequence.java:72)
	at org.openqa.selenium.interactions.Sequence.toJson(Sequence.java:81)
	... 76 more
</pre></div></td>
<td>20</td>
<td>com.crm.comcast.contactTest_practice.createContactTest@35ef1869</td></tr>
</table><p>
<table width='100%' border='1' class='invocation-skipped'>
<tr><td colspan='4' align='center'><b>SKIPPED CONFIGURATIONS</b></td></tr>
<tr><td><b>Test method</b></td>
<td><b>Attribute(s)</b></td>
<td width="30%"><b>Exception</b></td>
<td width="10%"><b>Time (seconds)</b></td>
<td><b>Instance</b></td>
</tr>
<tr>
<td title='com.crm.comcast.contactTest_practice.createContactTest.configBM()'><b>configBM</b><br>Test class: com.crm.comcast.contactTest_practice.createContactTest</td>
<td></td>
<td>0</td>
<td>com.crm.comcast.contactTest_practice.createContactTest@35ef1869</td></tr>
<tr>
<td title='com.crm.comcast.contactTest_practice.createContactTest.configAC()'><b>configAC</b><br>Test class: com.crm.comcast.contactTest_practice.createContactTest</td>
<td></td>
<td>0</td>
<td>com.crm.comcast.contactTest_practice.createContactTest@35ef1869</td></tr>
<tr>
<td title='com.crm.comcast.contactTest_practice.createContactTest.configAM()'><b>configAM</b><br>Test class: com.crm.comcast.contactTest_practice.createContactTest</td>
<td></td>
<td>0</td>
<td>com.crm.comcast.contactTest_practice.createContactTest@35ef1869</td></tr>
</table><p>
<table width='100%' border='1' class='invocation-failed'>
<tr><td colspan='4' align='center'><b>FAILED TESTS</b></td></tr>
<tr><td><b>Test method</b></td>
<td><b>Attribute(s)</b></td>
<td width="30%"><b>Exception</b></td>
<td width="10%"><b>Time (seconds)</b></td>
<td><b>Instance</b></td>
</tr>
<tr>
<td title='com.comcast.crm.orgtest.CreateOrg_Indu_Phone_Test.createorganTest()'><b>createorganTest</b><br>Test class: com.comcast.crm.orgtest.CreateOrg_Indu_Phone_Test<br/>
<a href="#Output-1159606185" onClick='toggleBox("Output-1159606185", this, "Show output", "Hide output");'>Show output</a>

<a href="#Output-1159606185" onClick="toggleAllBoxes();">Show all outputs</a>
<div class='log' id="Output-1159606185">
====>createorganTest<=======START=====<br/>
</div>
</td>
<td><div><pre>java.lang.AssertionError: expected [true] but found [false]
	at com.comcast.crm.assertUtility.assertUtility.hardAssert(assertUtility.java:21)
	at com.comcast.crm.orgtest.CreateOrg_Indu_Phone_Test.createorganTest(CreateOrg_Indu_Phone_Test.java:51)
	at java.base/java.util.ArrayList.forEach(ArrayList.java:1511)
... Removed 36 stack frames</pre></div><a href='#' onClick='toggleBox("stack-trace1159606185", this, "Click to show all stack frames", "Click to hide stack frames")'>Click to show all stack frames</a>
<div class='stack-trace' id='stack-trace1159606185'><pre>java.lang.AssertionError: expected [true] but found [false]
	at org.testng.Assert.fail(Assert.java:110)
	at org.testng.Assert.failNotEquals(Assert.java:1577)
	at org.testng.Assert.assertTrue(Assert.java:56)
	at org.testng.Assert.assertTrue(Assert.java:66)
	at com.comcast.crm.assertUtility.assertUtility.hardAssert(assertUtility.java:21)
	at com.comcast.crm.orgtest.CreateOrg_Indu_Phone_Test.createorganTest(CreateOrg_Indu_Phone_Test.java:51)
	at java.base/jdk.internal.reflect.NativeMethodAccessorImpl.invoke0(Native Method)
	at java.base/jdk.internal.reflect.NativeMethodAccessorImpl.invoke(NativeMethodAccessorImpl.java:77)
	at java.base/jdk.internal.reflect.DelegatingMethodAccessorImpl.invoke(DelegatingMethodAccessorImpl.java:43)
	at java.base/java.lang.reflect.Method.invoke(Method.java:568)
	at org.testng.internal.invokers.MethodInvocationHelper.invokeMethod(MethodInvocationHelper.java:139)
	at org.testng.internal.invokers.TestInvoker.invokeMethod(TestInvoker.java:677)
	at org.testng.internal.invokers.TestInvoker.invokeTestMethod(TestInvoker.java:221)
	at org.testng.internal.invokers.MethodRunner.runInSequence(MethodRunner.java:50)
	at org.testng.internal.invokers.TestInvoker$MethodInvocationAgent.invoke(TestInvoker.java:969)
	at org.testng.internal.invokers.TestInvoker.invokeTestMethods(TestInvoker.java:194)
	at org.testng.internal.invokers.TestMethodWorker.invokeTestMethods(TestMethodWorker.java:148)
	at org.testng.internal.invokers.TestMethodWorker.run(TestMethodWorker.java:128)
	at java.base/java.util.ArrayList.forEach(ArrayList.java:1511)
	at org.testng.TestRunner.privateRun(TestRunner.java:829)
	at org.testng.TestRunner.run(TestRunner.java:602)
	at org.testng.SuiteRunner.runTest(SuiteRunner.java:437)
	at org.testng.SuiteRunner.runSequentially(SuiteRunner.java:431)
	at org.testng.SuiteRunner.privateRun(SuiteRunner.java:391)
	at org.testng.SuiteRunner.run(SuiteRunner.java:330)
	at org.testng.SuiteRunnerWorker.runSuite(SuiteRunnerWorker.java:52)
	at org.testng.SuiteRunnerWorker.run(SuiteRunnerWorker.java:95)
	at org.testng.TestNG.runSuitesSequentially(TestNG.java:1256)
	at org.testng.TestNG.runSuitesLocally(TestNG.java:1176)
	at org.testng.TestNG.runSuites(TestNG.java:1099)
	at org.testng.TestNG.run(TestNG.java:1067)
	at org.apache.maven.surefire.testng.TestNGExecutor.run(TestNGExecutor.java:155)
	at org.apache.maven.surefire.testng.TestNGDirectoryTestSuite.executeMulti(TestNGDirectoryTestSuite.java:169)
	at org.apache.maven.surefire.testng.TestNGDirectoryTestSuite.execute(TestNGDirectoryTestSuite.java:88)
	at org.apache.maven.surefire.testng.TestNGProvider.invoke(TestNGProvider.java:137)
	at org.apache.maven.surefire.booter.ForkedBooter.runSuitesInProcess(ForkedBooter.java:385)
	at org.apache.maven.surefire.booter.ForkedBooter.execute(ForkedBooter.java:162)
	at org.apache.maven.surefire.booter.ForkedBooter.run(ForkedBooter.java:507)
	at org.apache.maven.surefire.booter.ForkedBooter.main(ForkedBooter.java:495)
</pre></div></td>
<td>6</td>
<td>com.comcast.crm.orgtest.CreateOrg_Indu_Phone_Test@3c407114</td></tr>
<tr>
<td title='practice.testng.GetProductInfoDPEx3Test.getProductInfoTest()'><b>getProductInfoTest</b><br>Test class: practice.testng.GetProductInfoDPEx3Test</td>
<td><div><pre>java.lang.RuntimeException: java.lang.NullPointerException: Cannot invoke &quot;org.apache.poi.ss.usermodel.Sheet.getLastRowNum()&quot; because the return value of &quot;org.apache.poi.ss.usermodel.Workbook.getSheet(String)&quot; is null
	at java.base/java.util.ArrayList.forEach(ArrayList.java:1511)
Caused by: java.lang.NullPointerException: Cannot invoke &quot;org.apache.poi.ss.usermodel.Sheet.getLastRowNum()&quot; because the return value of &quot;org.apache.poi.ss.usermodel.Workbook.getSheet(String)&quot; is null
	at com.comcast.crm.generic.fileutility.ExcelUtility.getRowcount(ExcelUtility.java:25)
	at DataProviderPackage.DataProviderClassFile.mobileprice(DataProviderClassFile.java:14)
	... 30 more
... Removed 37 stack frames</pre></div><a href='#' onClick='toggleBox("stack-trace1360209172", this, "Click to show all stack frames", "Click to hide stack frames")'>Click to show all stack frames</a>
<div class='stack-trace' id='stack-trace1360209172'><pre>java.lang.RuntimeException: java.lang.NullPointerException: Cannot invoke &quot;org.apache.poi.ss.usermodel.Sheet.getLastRowNum()&quot; because the return value of &quot;org.apache.poi.ss.usermodel.Workbook.getSheet(String)&quot; is null
	at org.testng.internal.invokers.MethodInvocationHelper.invokeMethodNoCheckedException(MethodInvocationHelper.java:57)
	at org.testng.internal.invokers.MethodInvocationHelper.invokeDataProvider(MethodInvocationHelper.java:157)
	at org.testng.internal.Parameters.handleParameters(Parameters.java:803)
	at org.testng.internal.Parameters.handleParameters(Parameters.java:728)
	at org.testng.internal.invokers.ParameterHandler.handleParameters(ParameterHandler.java:72)
	at org.testng.internal.invokers.ParameterHandler.createParameters(ParameterHandler.java:51)
	at org.testng.internal.invokers.TestInvoker$MethodInvocationAgent.invoke(TestInvoker.java:924)
	at org.testng.internal.invokers.TestInvoker.invokeTestMethods(TestInvoker.java:194)
	at org.testng.internal.invokers.TestMethodWorker.invokeTestMethods(TestMethodWorker.java:148)
	at org.testng.internal.invokers.TestMethodWorker.run(TestMethodWorker.java:128)
	at java.base/java.util.ArrayList.forEach(ArrayList.java:1511)
	at org.testng.TestRunner.privateRun(TestRunner.java:829)
	at org.testng.TestRunner.run(TestRunner.java:602)
	at org.testng.SuiteRunner.runTest(SuiteRunner.java:437)
	at org.testng.SuiteRunner.runSequentially(SuiteRunner.java:431)
	at org.testng.SuiteRunner.privateRun(SuiteRunner.java:391)
	at org.testng.SuiteRunner.run(SuiteRunner.java:330)
	at org.testng.SuiteRunnerWorker.runSuite(SuiteRunnerWorker.java:52)
	at org.testng.SuiteRunnerWorker.run(SuiteRunnerWorker.java:95)
	at org.testng.TestNG.runSuitesSequentially(TestNG.java:1256)
	at org.testng.TestNG.runSuitesLocally(TestNG.java:1176)
	at org.testng.TestNG.runSuites(TestNG.java:1099)
	at org.testng.TestNG.run(TestNG.java:1067)
	at org.apache.maven.surefire.testng.TestNGExecutor.run(TestNGExecutor.java:155)
	at org.apache.maven.surefire.testng.TestNGDirectoryTestSuite.executeMulti(TestNGDirectoryTestSuite.java:169)
	at org.apache.maven.surefire.testng.TestNGDirectoryTestSuite.execute(TestNGDirectoryTestSuite.java:88)
	at org.apache.maven.surefire.testng.TestNGProvider.invoke(TestNGProvider.java:137)
	at org.apache.maven.surefire.booter.ForkedBooter.runSuitesInProcess(ForkedBooter.java:385)
	at org.apache.maven.surefire.booter.ForkedBooter.execute(ForkedBooter.java:162)
	at org.apache.maven.surefire.booter.ForkedBooter.run(ForkedBooter.java:507)
	at org.apache.maven.surefire.booter.ForkedBooter.main(ForkedBooter.java:495)
Caused by: java.lang.NullPointerException: Cannot invoke &quot;org.apache.poi.ss.usermodel.Sheet.getLastRowNum()&quot; because the return value of &quot;org.apache.poi.ss.usermodel.Workbook.getSheet(String)&quot; is null
	at com.comcast.crm.generic.fileutility.ExcelUtility.getRowcount(ExcelUtility.java:25)
	at DataProviderPackage.DataProviderClassFile.mobileprice(DataProviderClassFile.java:14)
	at java.base/jdk.internal.reflect.NativeMethodAccessorImpl.invoke0(Native Method)
	at java.base/jdk.internal.reflect.NativeMethodAccessorImpl.invoke(NativeMethodAccessorImpl.java:77)
	at java.base/jdk.internal.reflect.DelegatingMethodAccessorImpl.invoke(DelegatingMethodAccessorImpl.java:43)
	at java.base/java.lang.reflect.Method.invoke(Method.java:568)
	at org.testng.internal.invokers.MethodInvocationHelper.invokeMethod(MethodInvocationHelper.java:139)
	at org.testng.internal.invokers.MethodInvocationHelper.invokeMethod(MethodInvocationHelper.java:84)
	at org.testng.internal.invokers.MethodInvocationHelper.invokeMethodNoCheckedException(MethodInvocationHelper.java:53)
	... 30 more
</pre></div></td>
<td>0</td>
<td>practice.testng.GetProductInfoDPEx3Test@16ec5519</td></tr>
<tr>
<td title='practice.testng.GetProductInfoDPEx2Test.getProductInfoTest()'><b>getProductInfoTest</b><br>Test class: practice.testng.GetProductInfoDPEx2Test</td>
<td><div><pre>java.lang.RuntimeException: java.lang.NullPointerException: Cannot invoke &quot;org.apache.poi.ss.usermodel.Sheet.getLastRowNum()&quot; because the return value of &quot;org.apache.poi.ss.usermodel.Workbook.getSheet(String)&quot; is null
	at java.base/java.util.ArrayList.forEach(ArrayList.java:1511)
Caused by: java.lang.NullPointerException: Cannot invoke &quot;org.apache.poi.ss.usermodel.Sheet.getLastRowNum()&quot; because the return value of &quot;org.apache.poi.ss.usermodel.Workbook.getSheet(String)&quot; is null
	at com.comcast.crm.generic.fileutility.ExcelUtility.getRowcount(ExcelUtility.java:25)
	at practice.testng.GetProductInfoDPEx2Test.mobileprice(GetProductInfoDPEx2Test.java:45)
	... 30 more
... Removed 37 stack frames</pre></div><a href='#' onClick='toggleBox("stack-trace1510967269", this, "Click to show all stack frames", "Click to hide stack frames")'>Click to show all stack frames</a>
<div class='stack-trace' id='stack-trace1510967269'><pre>java.lang.RuntimeException: java.lang.NullPointerException: Cannot invoke &quot;org.apache.poi.ss.usermodel.Sheet.getLastRowNum()&quot; because the return value of &quot;org.apache.poi.ss.usermodel.Workbook.getSheet(String)&quot; is null
	at org.testng.internal.invokers.MethodInvocationHelper.invokeMethodNoCheckedException(MethodInvocationHelper.java:57)
	at org.testng.internal.invokers.MethodInvocationHelper.invokeDataProvider(MethodInvocationHelper.java:157)
	at org.testng.internal.Parameters.handleParameters(Parameters.java:803)
	at org.testng.internal.Parameters.handleParameters(Parameters.java:728)
	at org.testng.internal.invokers.ParameterHandler.handleParameters(ParameterHandler.java:72)
	at org.testng.internal.invokers.ParameterHandler.createParameters(ParameterHandler.java:51)
	at org.testng.internal.invokers.TestInvoker$MethodInvocationAgent.invoke(TestInvoker.java:924)
	at org.testng.internal.invokers.TestInvoker.invokeTestMethods(TestInvoker.java:194)
	at org.testng.internal.invokers.TestMethodWorker.invokeTestMethods(TestMethodWorker.java:148)
	at org.testng.internal.invokers.TestMethodWorker.run(TestMethodWorker.java:128)
	at java.base/java.util.ArrayList.forEach(ArrayList.java:1511)
	at org.testng.TestRunner.privateRun(TestRunner.java:829)
	at org.testng.TestRunner.run(TestRunner.java:602)
	at org.testng.SuiteRunner.runTest(SuiteRunner.java:437)
	at org.testng.SuiteRunner.runSequentially(SuiteRunner.java:431)
	at org.testng.SuiteRunner.privateRun(SuiteRunner.java:391)
	at org.testng.SuiteRunner.run(SuiteRunner.java:330)
	at org.testng.SuiteRunnerWorker.runSuite(SuiteRunnerWorker.java:52)
	at org.testng.SuiteRunnerWorker.run(SuiteRunnerWorker.java:95)
	at org.testng.TestNG.runSuitesSequentially(TestNG.java:1256)
	at org.testng.TestNG.runSuitesLocally(TestNG.java:1176)
	at org.testng.TestNG.runSuites(TestNG.java:1099)
	at org.testng.TestNG.run(TestNG.java:1067)
	at org.apache.maven.surefire.testng.TestNGExecutor.run(TestNGExecutor.java:155)
	at org.apache.maven.surefire.testng.TestNGDirectoryTestSuite.executeMulti(TestNGDirectoryTestSuite.java:169)
	at org.apache.maven.surefire.testng.TestNGDirectoryTestSuite.execute(TestNGDirectoryTestSuite.java:88)
	at org.apache.maven.surefire.testng.TestNGProvider.invoke(TestNGProvider.java:137)
	at org.apache.maven.surefire.booter.ForkedBooter.runSuitesInProcess(ForkedBooter.java:385)
	at org.apache.maven.surefire.booter.ForkedBooter.execute(ForkedBooter.java:162)
	at org.apache.maven.surefire.booter.ForkedBooter.run(ForkedBooter.java:507)
	at org.apache.maven.surefire.booter.ForkedBooter.main(ForkedBooter.java:495)
Caused by: java.lang.NullPointerException: Cannot invoke &quot;org.apache.poi.ss.usermodel.Sheet.getLastRowNum()&quot; because the return value of &quot;org.apache.poi.ss.usermodel.Workbook.getSheet(String)&quot; is null
	at com.comcast.crm.generic.fileutility.ExcelUtility.getRowcount(ExcelUtility.java:25)
	at practice.testng.GetProductInfoDPEx2Test.mobileprice(GetProductInfoDPEx2Test.java:45)
	at java.base/jdk.internal.reflect.NativeMethodAccessorImpl.invoke0(Native Method)
	at java.base/jdk.internal.reflect.NativeMethodAccessorImpl.invoke(NativeMethodAccessorImpl.java:77)
	at java.base/jdk.internal.reflect.DelegatingMethodAccessorImpl.invoke(DelegatingMethodAccessorImpl.java:43)
	at java.base/java.lang.reflect.Method.invoke(Method.java:568)
	at org.testng.internal.invokers.MethodInvocationHelper.invokeMethod(MethodInvocationHelper.java:139)
	at org.testng.internal.invokers.MethodInvocationHelper.invokeMethod(MethodInvocationHelper.java:84)
	at org.testng.internal.invokers.MethodInvocationHelper.invokeMethodNoCheckedException(MethodInvocationHelper.java:53)
	... 30 more
</pre></div></td>
<td>0</td>
<td>practice.testng.GetProductInfoDPEx2Test@50eac852</td></tr>
<tr>
<td title='practice.hometest.HomePageVerificationTest.homePageTest()'><b>homePageTest</b><br>Test class: practice.hometest.HomePageVerificationTest<br>Parameters: public void practice.hometest.HomePageVerificationTest.homePageTest(java.lang.reflect.Method)<br/>
<a href="#Output-383882703" onClick='toggleBox("Output-383882703", this, "Show output", "Hide output");'>Show output</a>

<a href="#Output-383882703" onClick="toggleAllBoxes();">Show all outputs</a>
<div class='log' id="Output-383882703">
====>homePageTest<=======START=====<br/>
</div>
</td>
<td><div><pre>java.lang.AssertionError: expected [Home Page] but found [Home]
	at practice.hometest.HomePageVerificationTest.homePageTest(HomePageVerificationTest.java:25)
	at java.base/java.util.ArrayList.forEach(ArrayList.java:1511)
... Removed 38 stack frames</pre></div><a href='#' onClick='toggleBox("stack-trace383882703", this, "Click to show all stack frames", "Click to hide stack frames")'>Click to show all stack frames</a>
<div class='stack-trace' id='stack-trace383882703'><pre>java.lang.AssertionError: expected [Home Page] but found [Home]
	at org.testng.Assert.fail(Assert.java:110)
	at org.testng.Assert.failNotEquals(Assert.java:1577)
	at org.testng.Assert.assertEqualsImpl(Assert.java:149)
	at org.testng.Assert.assertEquals(Assert.java:131)
	at org.testng.Assert.assertEquals(Assert.java:655)
	at org.testng.Assert.assertEquals(Assert.java:665)
	at practice.hometest.HomePageVerificationTest.homePageTest(HomePageVerificationTest.java:25)
	at java.base/jdk.internal.reflect.NativeMethodAccessorImpl.invoke0(Native Method)
	at java.base/jdk.internal.reflect.NativeMethodAccessorImpl.invoke(NativeMethodAccessorImpl.java:77)
	at java.base/jdk.internal.reflect.DelegatingMethodAccessorImpl.invoke(DelegatingMethodAccessorImpl.java:43)
	at java.base/java.lang.reflect.Method.invoke(Method.java:568)
	at org.testng.internal.invokers.MethodInvocationHelper.invokeMethod(MethodInvocationHelper.java:139)
	at org.testng.internal.invokers.TestInvoker.invokeMethod(TestInvoker.java:677)
	at org.testng.internal.invokers.TestInvoker.invokeTestMethod(TestInvoker.java:221)
	at org.testng.internal.invokers.MethodRunner.runInSequence(MethodRunner.java:50)
	at org.testng.internal.invokers.TestInvoker$MethodInvocationAgent.invoke(TestInvoker.java:969)
	at org.testng.internal.invokers.TestInvoker.invokeTestMethods(TestInvoker.java:194)
	at org.testng.internal.invokers.TestMethodWorker.invokeTestMethods(TestMethodWorker.java:148)
	at org.testng.internal.invokers.TestMethodWorker.run(TestMethodWorker.java:128)
	at java.base/java.util.ArrayList.forEach(ArrayList.java:1511)
	at org.testng.TestRunner.privateRun(TestRunner.java:829)
	at org.testng.TestRunner.run(TestRunner.java:602)
	at org.testng.SuiteRunner.runTest(SuiteRunner.java:437)
	at org.testng.SuiteRunner.runSequentially(SuiteRunner.java:431)
	at org.testng.SuiteRunner.privateRun(SuiteRunner.java:391)
	at org.testng.SuiteRunner.run(SuiteRunner.java:330)
	at org.testng.SuiteRunnerWorker.runSuite(SuiteRunnerWorker.java:52)
	at org.testng.SuiteRunnerWorker.run(SuiteRunnerWorker.java:95)
	at org.testng.TestNG.runSuitesSequentially(TestNG.java:1256)
	at org.testng.TestNG.runSuitesLocally(TestNG.java:1176)
	at org.testng.TestNG.runSuites(TestNG.java:1099)
	at org.testng.TestNG.run(TestNG.java:1067)
	at org.apache.maven.surefire.testng.TestNGExecutor.run(TestNGExecutor.java:155)
	at org.apache.maven.surefire.testng.TestNGDirectoryTestSuite.executeMulti(TestNGDirectoryTestSuite.java:169)
	at org.apache.maven.surefire.testng.TestNGDirectoryTestSuite.execute(TestNGDirectoryTestSuite.java:88)
	at org.apache.maven.surefire.testng.TestNGProvider.invoke(TestNGProvider.java:137)
	at org.apache.maven.surefire.booter.ForkedBooter.runSuitesInProcess(ForkedBooter.java:385)
	at org.apache.maven.surefire.booter.ForkedBooter.execute(ForkedBooter.java:162)
	at org.apache.maven.surefire.booter.ForkedBooter.run(ForkedBooter.java:507)
	at org.apache.maven.surefire.booter.ForkedBooter.main(ForkedBooter.java:495)
</pre></div></td>
<td>5</td>
<td>practice.hometest.HomePageVerificationTest@2c767a52</td></tr>
<tr>
<td title='practice.testng.InvoiceTest.createInvoiceTest()'><b>createInvoiceTest</b><br>Test class: practice.testng.InvoiceTest<br/>
<a href="#Output-935176579" onClick='toggleBox("Output-935176579", this, "Show output", "Hide output");'>Show output</a>

<a href="#Output-935176579" onClick="toggleAllBoxes();">Show all outputs</a>
<div class='log' id="Output-935176579">
====>createInvoiceTest<=======START=====<br/>
Execute createInvoiceTest<br/>
</div>
</td>
<td><div><pre>java.lang.AssertionError: expected [Login] but found [Administrator - Home - vtiger CRM 5 - Commercial Open Source CRM]
	at practice.testng.InvoiceTest.createInvoiceTest(InvoiceTest.java:17)
	at java.base/java.util.ArrayList.forEach(ArrayList.java:1511)
... Removed 38 stack frames</pre></div><a href='#' onClick='toggleBox("stack-trace935176579", this, "Click to show all stack frames", "Click to hide stack frames")'>Click to show all stack frames</a>
<div class='stack-trace' id='stack-trace935176579'><pre>java.lang.AssertionError: expected [Login] but found [Administrator - Home - vtiger CRM 5 - Commercial Open Source CRM]
	at org.testng.Assert.fail(Assert.java:110)
	at org.testng.Assert.failNotEquals(Assert.java:1577)
	at org.testng.Assert.assertEqualsImpl(Assert.java:149)
	at org.testng.Assert.assertEquals(Assert.java:131)
	at org.testng.Assert.assertEquals(Assert.java:655)
	at org.testng.Assert.assertEquals(Assert.java:665)
	at practice.testng.InvoiceTest.createInvoiceTest(InvoiceTest.java:17)
	at java.base/jdk.internal.reflect.NativeMethodAccessorImpl.invoke0(Native Method)
	at java.base/jdk.internal.reflect.NativeMethodAccessorImpl.invoke(NativeMethodAccessorImpl.java:77)
	at java.base/jdk.internal.reflect.DelegatingMethodAccessorImpl.invoke(DelegatingMethodAccessorImpl.java:43)
	at java.base/java.lang.reflect.Method.invoke(Method.java:568)
	at org.testng.internal.invokers.MethodInvocationHelper.invokeMethod(MethodInvocationHelper.java:139)
	at org.testng.internal.invokers.TestInvoker.invokeMethod(TestInvoker.java:677)
	at org.testng.internal.invokers.TestInvoker.invokeTestMethod(TestInvoker.java:221)
	at org.testng.internal.invokers.MethodRunner.runInSequence(MethodRunner.java:50)
	at org.testng.internal.invokers.TestInvoker$MethodInvocationAgent.invoke(TestInvoker.java:969)
	at org.testng.internal.invokers.TestInvoker.invokeTestMethods(TestInvoker.java:194)
	at org.testng.internal.invokers.TestMethodWorker.invokeTestMethods(TestMethodWorker.java:148)
	at org.testng.internal.invokers.TestMethodWorker.run(TestMethodWorker.java:128)
	at java.base/java.util.ArrayList.forEach(ArrayList.java:1511)
	at org.testng.TestRunner.privateRun(TestRunner.java:829)
	at org.testng.TestRunner.run(TestRunner.java:602)
	at org.testng.SuiteRunner.runTest(SuiteRunner.java:437)
	at org.testng.SuiteRunner.runSequentially(SuiteRunner.java:431)
	at org.testng.SuiteRunner.privateRun(SuiteRunner.java:391)
	at org.testng.SuiteRunner.run(SuiteRunner.java:330)
	at org.testng.SuiteRunnerWorker.runSuite(SuiteRunnerWorker.java:52)
	at org.testng.SuiteRunnerWorker.run(SuiteRunnerWorker.java:95)
	at org.testng.TestNG.runSuitesSequentially(TestNG.java:1256)
	at org.testng.TestNG.runSuitesLocally(TestNG.java:1176)
	at org.testng.TestNG.runSuites(TestNG.java:1099)
	at org.testng.TestNG.run(TestNG.java:1067)
	at org.apache.maven.surefire.testng.TestNGExecutor.run(TestNGExecutor.java:155)
	at org.apache.maven.surefire.testng.TestNGDirectoryTestSuite.executeMulti(TestNGDirectoryTestSuite.java:169)
	at org.apache.maven.surefire.testng.TestNGDirectoryTestSuite.execute(TestNGDirectoryTestSuite.java:88)
	at org.apache.maven.surefire.testng.TestNGProvider.invoke(TestNGProvider.java:137)
	at org.apache.maven.surefire.booter.ForkedBooter.runSuitesInProcess(ForkedBooter.java:385)
	at org.apache.maven.surefire.booter.ForkedBooter.execute(ForkedBooter.java:162)
	at org.apache.maven.surefire.booter.ForkedBooter.run(ForkedBooter.java:507)
	at org.apache.maven.surefire.booter.ForkedBooter.main(ForkedBooter.java:495)
</pre></div></td>
<td>0</td>
<td>practice.testng.InvoiceTest@2f7298b</td></tr>
<tr>
<td title='practice.testng.GetProductInfoDPEx1Test.getProductInfoTest()'><b>getProductInfoTest</b><br>Test class: practice.testng.GetProductInfoDPEx1Test</td>
<td><div><pre>java.lang.RuntimeException: java.lang.NullPointerException: Cannot invoke &quot;org.apache.poi.ss.usermodel.Sheet.getLastRowNum()&quot; because the return value of &quot;org.apache.poi.ss.usermodel.Workbook.getSheet(String)&quot; is null
	at java.base/java.util.ArrayList.forEach(ArrayList.java:1511)
Caused by: java.lang.NullPointerException: Cannot invoke &quot;org.apache.poi.ss.usermodel.Sheet.getLastRowNum()&quot; because the return value of &quot;org.apache.poi.ss.usermodel.Workbook.getSheet(String)&quot; is null
	at com.comcast.crm.generic.fileutility.ExcelUtility.getRowcount(ExcelUtility.java:25)
	at practice.testng.GetProductInfoDPEx1Test.mobileprice(GetProductInfoDPEx1Test.java:44)
	... 30 more
... Removed 37 stack frames</pre></div><a href='#' onClick='toggleBox("stack-trace758104368", this, "Click to show all stack frames", "Click to hide stack frames")'>Click to show all stack frames</a>
<div class='stack-trace' id='stack-trace758104368'><pre>java.lang.RuntimeException: java.lang.NullPointerException: Cannot invoke &quot;org.apache.poi.ss.usermodel.Sheet.getLastRowNum()&quot; because the return value of &quot;org.apache.poi.ss.usermodel.Workbook.getSheet(String)&quot; is null
	at org.testng.internal.invokers.MethodInvocationHelper.invokeMethodNoCheckedException(MethodInvocationHelper.java:57)
	at org.testng.internal.invokers.MethodInvocationHelper.invokeDataProvider(MethodInvocationHelper.java:157)
	at org.testng.internal.Parameters.handleParameters(Parameters.java:803)
	at org.testng.internal.Parameters.handleParameters(Parameters.java:728)
	at org.testng.internal.invokers.ParameterHandler.handleParameters(ParameterHandler.java:72)
	at org.testng.internal.invokers.ParameterHandler.createParameters(ParameterHandler.java:51)
	at org.testng.internal.invokers.TestInvoker$MethodInvocationAgent.invoke(TestInvoker.java:924)
	at org.testng.internal.invokers.TestInvoker.invokeTestMethods(TestInvoker.java:194)
	at org.testng.internal.invokers.TestMethodWorker.invokeTestMethods(TestMethodWorker.java:148)
	at org.testng.internal.invokers.TestMethodWorker.run(TestMethodWorker.java:128)
	at java.base/java.util.ArrayList.forEach(ArrayList.java:1511)
	at org.testng.TestRunner.privateRun(TestRunner.java:829)
	at org.testng.TestRunner.run(TestRunner.java:602)
	at org.testng.SuiteRunner.runTest(SuiteRunner.java:437)
	at org.testng.SuiteRunner.runSequentially(SuiteRunner.java:431)
	at org.testng.SuiteRunner.privateRun(SuiteRunner.java:391)
	at org.testng.SuiteRunner.run(SuiteRunner.java:330)
	at org.testng.SuiteRunnerWorker.runSuite(SuiteRunnerWorker.java:52)
	at org.testng.SuiteRunnerWorker.run(SuiteRunnerWorker.java:95)
	at org.testng.TestNG.runSuitesSequentially(TestNG.java:1256)
	at org.testng.TestNG.runSuitesLocally(TestNG.java:1176)
	at org.testng.TestNG.runSuites(TestNG.java:1099)
	at org.testng.TestNG.run(TestNG.java:1067)
	at org.apache.maven.surefire.testng.TestNGExecutor.run(TestNGExecutor.java:155)
	at org.apache.maven.surefire.testng.TestNGDirectoryTestSuite.executeMulti(TestNGDirectoryTestSuite.java:169)
	at org.apache.maven.surefire.testng.TestNGDirectoryTestSuite.execute(TestNGDirectoryTestSuite.java:88)
	at org.apache.maven.surefire.testng.TestNGProvider.invoke(TestNGProvider.java:137)
	at org.apache.maven.surefire.booter.ForkedBooter.runSuitesInProcess(ForkedBooter.java:385)
	at org.apache.maven.surefire.booter.ForkedBooter.execute(ForkedBooter.java:162)
	at org.apache.maven.surefire.booter.ForkedBooter.run(ForkedBooter.java:507)
	at org.apache.maven.surefire.booter.ForkedBooter.main(ForkedBooter.java:495)
Caused by: java.lang.NullPointerException: Cannot invoke &quot;org.apache.poi.ss.usermodel.Sheet.getLastRowNum()&quot; because the return value of &quot;org.apache.poi.ss.usermodel.Workbook.getSheet(String)&quot; is null
	at com.comcast.crm.generic.fileutility.ExcelUtility.getRowcount(ExcelUtility.java:25)
	at practice.testng.GetProductInfoDPEx1Test.mobileprice(GetProductInfoDPEx1Test.java:44)
	at java.base/jdk.internal.reflect.NativeMethodAccessorImpl.invoke0(Native Method)
	at java.base/jdk.internal.reflect.NativeMethodAccessorImpl.invoke(NativeMethodAccessorImpl.java:77)
	at java.base/jdk.internal.reflect.DelegatingMethodAccessorImpl.invoke(DelegatingMethodAccessorImpl.java:43)
	at java.base/java.lang.reflect.Method.invoke(Method.java:568)
	at org.testng.internal.invokers.MethodInvocationHelper.invokeMethod(MethodInvocationHelper.java:139)
	at org.testng.internal.invokers.MethodInvocationHelper.invokeMethod(MethodInvocationHelper.java:84)
	at org.testng.internal.invokers.MethodInvocationHelper.invokeMethodNoCheckedException(MethodInvocationHelper.java:53)
	... 30 more
</pre></div></td>
<td>0</td>
<td>practice.testng.GetProductInfoDPEx1Test@61df66b6</td></tr>
</table><p>
<table width='100%' border='1' class='invocation-passed'>
<tr><td colspan='4' align='center'><b>PASSED TESTS</b></td></tr>
<tr><td><b>Test method</b></td>
<td><b>Attribute(s)</b></td>
<td width="30%"><b>Exception</b></td>
<td width="10%"><b>Time (seconds)</b></td>
<td><b>Instance</b></td>
</tr>
<tr>
<td title='practice.testng.ContactDependentTest.modifyContactTest()'><b>modifyContactTest</b><br>Test class: practice.testng.ContactDependentTest<br/>
<a href="#Output-655304911" onClick='toggleBox("Output-655304911", this, "Show output", "Hide output");'>Show output</a>

<a href="#Output-655304911" onClick="toggleAllBoxes();">Show all outputs</a>
<div class='log' id="Output-655304911">
====>modifyContactTest<=======START=====<br/>
====>modifyContactTest<=======END=====<br/>
</div>
</td>
<td></td>
<td>0</td>
<td>practice.testng.ContactDependentTest@68999068</td></tr>
<tr>
<td title='practice.testng.OrderTest.createOrderTest()'><b>createOrderTest</b><br>Test class: practice.testng.OrderTest<br/>
<a href="#Output-47710680" onClick='toggleBox("Output-47710680", this, "Show output", "Hide output");'>Show output</a>

<a href="#Output-47710680" onClick="toggleAllBoxes();">Show all outputs</a>
<div class='log' id="Output-47710680">
====>createOrderTest<=======START=====<br/>
====>createOrderTest<=======END=====<br/>
</div>
</td>
<td></td>
<td>0</td>
<td>practice.testng.OrderTest@188715b5</td></tr>
<tr>
<td title='com.crm.comcast.orgTest_practice.createOrgFileTest.createOrg()'><b>createOrg</b><br>Test class: com.crm.comcast.orgTest_practice.createOrgFileTest<br/>
<a href="#Output-23604842" onClick='toggleBox("Output-23604842", this, "Show output", "Hide output");'>Show output</a>

<a href="#Output-23604842" onClick="toggleAllBoxes();">Show all outputs</a>
<div class='log' id="Output-23604842">
====>createOrg<=======START=====<br/>
====>createOrg<=======END=====<br/>
</div>
</td>
<td></td>
<td>0</td>
<td>com.crm.comcast.orgTest_practice.createOrgFileTest@c33b74f</td></tr>
<tr>
<td title='practice.testng.createContactUsingDataProviderTest.createContactTest()'><b>createContactTest</b><br>Test class: practice.testng.createContactUsingDataProviderTest<br>Parameters: Sunil, AP, 7887878324<br/>
<a href="#Output-1387473776" onClick='toggleBox("Output-1387473776", this, "Show output", "Hide output");'>Show output</a>

<a href="#Output-1387473776" onClick="toggleAllBoxes();">Show all outputs</a>
<div class='log' id="Output-1387473776">
====>createContactTest<=======START=====<br/>
====>createContactTest<=======END=====<br/>
</div>
</td>
<td></td>
<td>0</td>
<td>practice.testng.createContactUsingDataProviderTest@291ae</td></tr>
<tr>
<td title='com.crm.comcast.orgTest_practice.createOrgFileTest.createOrgwithIndu()'><b>createOrgwithIndu</b><br>Test class: com.crm.comcast.orgTest_practice.createOrgFileTest<br/>
<a href="#Output-227972178" onClick='toggleBox("Output-227972178", this, "Show output", "Hide output");'>Show output</a>

<a href="#Output-227972178" onClick="toggleAllBoxes();">Show all outputs</a>
<div class='log' id="Output-227972178">
====>createOrgwithIndu<=======START=====<br/>
====>createOrgwithIndu<=======END=====<br/>
</div>
</td>
<td></td>
<td>0</td>
<td>com.crm.comcast.orgTest_practice.createOrgFileTest@c33b74f</td></tr>
<tr>
<td title='practice.testng.OrderTest.createOrderTest()'><b>createOrderTest</b><br>Test class: practice.testng.OrderTest<br/>
<a href="#Output-252760149" onClick='toggleBox("Output-252760149", this, "Show output", "Hide output");'>Show output</a>

<a href="#Output-252760149" onClick="toggleAllBoxes();">Show all outputs</a>
<div class='log' id="Output-252760149">
====>createOrderTest<=======START=====<br/>
====>createOrderTest<=======END=====<br/>
</div>
</td>
<td></td>
<td>0</td>
<td>practice.testng.OrderTest@188715b5</td></tr>
<tr>
<td title='practice.testng.ContactPriorityTest.createContactTest()'><b>createContactTest</b><br>Test class: practice.testng.ContactPriorityTest<br/>
<a href="#Output-1953529336" onClick='toggleBox("Output-1953529336", this, "Show output", "Hide output");'>Show output</a>

<a href="#Output-1953529336" onClick="toggleAllBoxes();">Show all outputs</a>
<div class='log' id="Output-1953529336">
====>createContactTest<=======START=====<br/>
====>createContactTest<=======END=====<br/>
</div>
</td>
<td></td>
<td>0</td>
<td>practice.testng.ContactPriorityTest@2ef3eef9</td></tr>
<tr>
<td title='practice.testng.createContactUsingDataProviderExample2Test.createContactTest()'><b>createContactTest</b><br>Test class: practice.testng.createContactUsingDataProviderExample2Test<br>Parameters: Sunil, AP, 7887878324<br/>
<a href="#Output-820959908" onClick='toggleBox("Output-820959908", this, "Show output", "Hide output");'>Show output</a>

<a href="#Output-820959908" onClick="toggleAllBoxes();">Show all outputs</a>
<div class='log' id="Output-820959908">
====>createContactTest<=======START=====<br/>
====>createContactTest<=======END=====<br/>
</div>
</td>
<td></td>
<td>0</td>
<td>practice.testng.createContactUsingDataProviderExample2Test@243c4f91</td></tr>
<tr>
<td title='com.crm.comcast.contactTest_practice.createContactTest.createContTest()'><b>createContTest</b><br>Test class: com.crm.comcast.contactTest_practice.createContactTest<br/>
<a href="#Output-1154275164" onClick='toggleBox("Output-1154275164", this, "Show output", "Hide output");'>Show output</a>

<a href="#Output-1154275164" onClick="toggleAllBoxes();">Show all outputs</a>
<div class='log' id="Output-1154275164">
====>createContTest<=======START=====<br/>
====>createContTest<=======END=====<br/>
</div>
</td>
<td></td>
<td>0</td>
<td>com.crm.comcast.contactTest_practice.createContactTest@35ef1869</td></tr>
<tr>
<td title='practice.hometest.HomePageSampleTest.homePageTest()'><b>homePageTest</b><br>Test class: practice.hometest.HomePageSampleTest<br>Parameters: public void practice.hometest.HomePageSampleTest.homePageTest(java.lang.reflect.Method)<br/>
<a href="#Output-402808914" onClick='toggleBox("Output-402808914", this, "Show output", "Hide output");'>Show output</a>

<a href="#Output-402808914" onClick="toggleAllBoxes();">Show all outputs</a>
<div class='log' id="Output-402808914">
====>homePageTest<=======START=====<br/>
homePageTest Test Start<br/>
step-1<br/>
step-2<br/>
step-3<br/>
step-4<br/>
homePageTest Test End<br/>
====>homePageTest<=======END=====<br/>
</div>
</td>
<td></td>
<td>0</td>
<td>practice.hometest.HomePageSampleTest@130161f7</td></tr>
<tr>
<td title='practice.testng.OrderTest.createOrderTest()'><b>createOrderTest</b><br>Test class: practice.testng.OrderTest<br/>
<a href="#Output-1495453683" onClick='toggleBox("Output-1495453683", this, "Show output", "Hide output");'>Show output</a>

<a href="#Output-1495453683" onClick="toggleAllBoxes();">Show all outputs</a>
<div class='log' id="Output-1495453683">
====>createOrderTest<=======START=====<br/>
====>createOrderTest<=======END=====<br/>
</div>
</td>
<td></td>
<td>0</td>
<td>practice.testng.OrderTest@188715b5</td></tr>
<tr>
<td title='practice.testng.SampleReportTest.createContactWithOrg()'><b>createContactWithOrg</b><br>Test class: practice.testng.SampleReportTest<br/>
<a href="#Output-43787342" onClick='toggleBox("Output-43787342", this, "Show output", "Hide output");'>Show output</a>

<a href="#Output-43787342" onClick="toggleAllBoxes();">Show all outputs</a>
<div class='log' id="Output-43787342">
====>createContactWithOrg<=======START=====<br/>
====>createContactWithOrg<=======END=====<br/>
</div>
</td>
<td></td>
<td>0</td>
<td>practice.testng.SampleReportTest@1ea9f6af</td></tr>
<tr>
<td title='practice.testng.SampleReportTest.createContactWithPhoneNumber()'><b>createContactWithPhoneNumber</b><br>Test class: practice.testng.SampleReportTest<br/>
<a href="#Output-1825102364" onClick='toggleBox("Output-1825102364", this, "Show output", "Hide output");'>Show output</a>

<a href="#Output-1825102364" onClick="toggleAllBoxes();">Show all outputs</a>
<div class='log' id="Output-1825102364">
====>createContactWithPhoneNumber<=======START=====<br/>
====>createContactWithPhoneNumber<=======END=====<br/>
</div>
</td>
<td></td>
<td>0</td>
<td>practice.testng.SampleReportTest@1ea9f6af</td></tr>
<tr>
<td title='practice.testng.InvoiceTest.createInvoiceWithContactTest()'><b>createInvoiceWithContactTest</b><br>Test class: practice.testng.InvoiceTest<br/>
<a href="#Output-106804552" onClick='toggleBox("Output-106804552", this, "Show output", "Hide output");'>Show output</a>

<a href="#Output-106804552" onClick="toggleAllBoxes();">Show all outputs</a>
<div class='log' id="Output-106804552">
====>createInvoiceWithContactTest<=======START=====<br/>
Execute createInvoiceWithContactTest<br/>
Step-1<br/>
Step-2<br/>
Step-3<br/>
Step-4<br/>
====>createInvoiceWithContactTest<=======END=====<br/>
</div>
</td>
<td></td>
<td>0</td>
<td>practice.testng.InvoiceTest@2f7298b</td></tr>
<tr>
<td title='practice.testng.ContactIndependentTest.modifyContactTest()'><b>modifyContactTest</b><br>Test class: practice.testng.ContactIndependentTest<br/>
<a href="#Output-1709580464" onClick='toggleBox("Output-1709580464", this, "Show output", "Hide output");'>Show output</a>

<a href="#Output-1709580464" onClick="toggleAllBoxes();">Show all outputs</a>
<div class='log' id="Output-1709580464">
====>modifyContactTest<=======START=====<br/>
====>modifyContactTest<=======END=====<br/>
</div>
</td>
<td></td>
<td>0</td>
<td>practice.testng.ContactIndependentTest@7722c3c3</td></tr>
<tr>
<td title='practice.testng.ContactPriorityTest.modifyContactTest()'><b>modifyContactTest</b><br>Test class: practice.testng.ContactPriorityTest<br/>
<a href="#Output-1181756454" onClick='toggleBox("Output-1181756454", this, "Show output", "Hide output");'>Show output</a>

<a href="#Output-1181756454" onClick="toggleAllBoxes();">Show all outputs</a>
<div class='log' id="Output-1181756454">
====>modifyContactTest<=======START=====<br/>
====>modifyContactTest<=======END=====<br/>
</div>
</td>
<td></td>
<td>0</td>
<td>practice.testng.ContactPriorityTest@2ef3eef9</td></tr>
<tr>
<td title='com.comcast.crm.orgtest.CreateOrg_Indu_Phone_Test.createorgwithphonenoTest()'><b>createorgwithphonenoTest</b><br>Test class: com.comcast.crm.orgtest.CreateOrg_Indu_Phone_Test<br/>
<a href="#Output-1692174022" onClick='toggleBox("Output-1692174022", this, "Show output", "Hide output");'>Show output</a>

<a href="#Output-1692174022" onClick="toggleAllBoxes();">Show all outputs</a>
<div class='log' id="Output-1692174022">
====>createorgwithphonenoTest<=======START=====<br/>
phonenumberDATA<br/>
9898989898<br/>
9898989898<br/>
====>createorgwithphonenoTest<=======END=====<br/>
</div>
</td>
<td></td>
<td>6</td>
<td>com.comcast.crm.orgtest.CreateOrg_Indu_Phone_Test@3c407114</td></tr>
<tr>
<td title='practice.testng.createContactUsingDataProviderTest.createContactTest()'><b>createContactTest</b><br>Test class: practice.testng.createContactUsingDataProviderTest<br>Parameters: Arun, KK, 78878788973<br/>
<a href="#Output-415768786" onClick='toggleBox("Output-415768786", this, "Show output", "Hide output");'>Show output</a>

<a href="#Output-415768786" onClick="toggleAllBoxes();">Show all outputs</a>
<div class='log' id="Output-415768786">
====>createContactTest<=======START=====<br/>
====>createContactTest<=======END=====<br/>
</div>
</td>
<td></td>
<td>0</td>
<td>practice.testng.createContactUsingDataProviderTest@291ae</td></tr>
<tr>
<td title='practice.testng.OrderTest.createOrderTest()'><b>createOrderTest</b><br>Test class: practice.testng.OrderTest<br/>
<a href="#Output-580507907" onClick='toggleBox("Output-580507907", this, "Show output", "Hide output");'>Show output</a>

<a href="#Output-580507907" onClick="toggleAllBoxes();">Show all outputs</a>
<div class='log' id="Output-580507907">
====>createOrderTest<=======START=====<br/>
====>createOrderTest<=======END=====<br/>
</div>
</td>
<td></td>
<td>0</td>
<td>practice.testng.OrderTest@188715b5</td></tr>
<tr>
<td title='practice.testng.SampleReportTest.createContactTest()'><b>createContactTest</b><br>Test class: practice.testng.SampleReportTest<br/>
<a href="#Output-193383192" onClick='toggleBox("Output-193383192", this, "Show output", "Hide output");'>Show output</a>

<a href="#Output-193383192" onClick="toggleAllBoxes();">Show all outputs</a>
<div class='log' id="Output-193383192">
====>createContactTest<=======START=====<br/>
====>createContactTest<=======END=====<br/>
</div>
</td>
<td></td>
<td>4</td>
<td>practice.testng.SampleReportTest@1ea9f6af</td></tr>
<tr>
<td title='com.comcast.crm.contacttest.CreateContact_Org_SupDate_Test.createcontactwithsupportDateTest()'><b>createcontactwithsupportDateTest</b><br>Test class: com.comcast.crm.contacttest.CreateContact_Org_SupDate_Test<br/>
<a href="#Output-1483243447" onClick='toggleBox("Output-1483243447", this, "Show output", "Hide output");'>Show output</a>

<a href="#Output-1483243447" onClick="toggleAllBoxes();">Show all outputs</a>
<div class='log' id="Output-1483243447">
====>createcontactwithsupportDateTest<=======START=====<br/>
====>createcontactwithsupportDateTest<=======END=====<br/>
</div>
</td>
<td></td>
<td>6</td>
<td>com.comcast.crm.contacttest.CreateContact_Org_SupDate_Test@31c88ec8</td></tr>
<tr>
<td title='practice.testng.ContactIndependentTest.createContactTest()'><b>createContactTest</b><br>Test class: practice.testng.ContactIndependentTest<br/>
<a href="#Output-1131963943" onClick='toggleBox("Output-1131963943", this, "Show output", "Hide output");'>Show output</a>

<a href="#Output-1131963943" onClick="toggleAllBoxes();">Show all outputs</a>
<div class='log' id="Output-1131963943">
====>createContactTest<=======START=====<br/>
====>createContactTest<=======END=====<br/>
</div>
</td>
<td></td>
<td>0</td>
<td>practice.testng.ContactIndependentTest@7722c3c3</td></tr>
<tr>
<td title='practice.testng.OrderTest.createOrderTest()'><b>createOrderTest</b><br>Test class: practice.testng.OrderTest<br/>
<a href="#Output-1663913202" onClick='toggleBox("Output-1663913202", this, "Show output", "Hide output");'>Show output</a>

<a href="#Output-1663913202" onClick="toggleAllBoxes();">Show all outputs</a>
<div class='log' id="Output-1663913202">
====>createOrderTest<=======START=====<br/>
====>createOrderTest<=======END=====<br/>
</div>
</td>
<td></td>
<td>0</td>
<td>practice.testng.OrderTest@188715b5</td></tr>
<tr>
<td title='com.comcast.crm.contacttest.CreateContact_Org_SupDate_Test.createContactTest()'><b>createContactTest</b><br>Test class: com.comcast.crm.contacttest.CreateContact_Org_SupDate_Test<br/>
<a href="#Output-745835029" onClick='toggleBox("Output-745835029", this, "Show output", "Hide output");'>Show output</a>

<a href="#Output-745835029" onClick="toggleAllBoxes();">Show all outputs</a>
<div class='log' id="Output-745835029">
====>createContactTest<=======START=====<br/>
====>createContactTest<=======END=====<br/>
</div>
</td>
<td></td>
<td>24</td>
<td>com.comcast.crm.contacttest.CreateContact_Org_SupDate_Test@31c88ec8</td></tr>
<tr>
<td title='practice.testng.ContactDependentTest.createContactTest()'><b>createContactTest</b><br>Test class: practice.testng.ContactDependentTest<br/>
<a href="#Output-1091844211" onClick='toggleBox("Output-1091844211", this, "Show output", "Hide output");'>Show output</a>

<a href="#Output-1091844211" onClick="toggleAllBoxes();">Show all outputs</a>
<div class='log' id="Output-1091844211">
====>createContactTest<=======START=====<br/>
====>createContactTest<=======END=====<br/>
</div>
</td>
<td></td>
<td>0</td>
<td>practice.testng.ContactDependentTest@68999068</td></tr>
<tr>
<td title='practice.testng.createContactUsingDataProviderExample2Test.createContactTest()'><b>createContactTest</b><br>Test class: practice.testng.createContactUsingDataProviderExample2Test<br>Parameters: Arun, KK, 78878788973<br/>
<a href="#Output-1387462740" onClick='toggleBox("Output-1387462740", this, "Show output", "Hide output");'>Show output</a>

<a href="#Output-1387462740" onClick="toggleAllBoxes();">Show all outputs</a>
<div class='log' id="Output-1387462740">
====>createContactTest<=======START=====<br/>
====>createContactTest<=======END=====<br/>
</div>
</td>
<td></td>
<td>0</td>
<td>practice.testng.createContactUsingDataProviderExample2Test@243c4f91</td></tr>
<tr>
<td title='practice.testng.OrderTest.createOrderTest()'><b>createOrderTest</b><br>Test class: practice.testng.OrderTest<br/>
<a href="#Output-1412428103" onClick='toggleBox("Output-1412428103", this, "Show output", "Hide output");'>Show output</a>

<a href="#Output-1412428103" onClick="toggleAllBoxes();">Show all outputs</a>
<div class='log' id="Output-1412428103">
====>createOrderTest<=======START=====<br/>
====>createOrderTest<=======END=====<br/>
</div>
</td>
<td></td>
<td>0</td>
<td>practice.testng.OrderTest@188715b5</td></tr>
<tr>
<td title='practice.testng.ContactPriorityTest.deleleteContactTest()'><b>deleleteContactTest</b><br>Test class: practice.testng.ContactPriorityTest<br/>
<a href="#Output-315059566" onClick='toggleBox("Output-315059566", this, "Show output", "Hide output");'>Show output</a>

<a href="#Output-315059566" onClick="toggleAllBoxes();">Show all outputs</a>
<div class='log' id="Output-315059566">
====>deleleteContactTest<=======START=====<br/>
====>deleleteContactTest<=======END=====<br/>
</div>
</td>
<td></td>
<td>0</td>
<td>practice.testng.ContactPriorityTest@2ef3eef9</td></tr>
<tr>
<td title='practice.testng.createContactUsingDataProviderTest.createContactTest()'><b>createContactTest</b><br>Test class: practice.testng.createContactUsingDataProviderTest<br>Parameters: Shankar, HR, 9898989977<br/>
<a href="#Output-340715687" onClick='toggleBox("Output-340715687", this, "Show output", "Hide output");'>Show output</a>

<a href="#Output-340715687" onClick="toggleAllBoxes();">Show all outputs</a>
<div class='log' id="Output-340715687">
====>createContactTest<=======START=====<br/>
====>createContactTest<=======END=====<br/>
</div>
</td>
<td></td>
<td>0</td>
<td>practice.testng.createContactUsingDataProviderTest@291ae</td></tr>
<tr>
<td title='practice.testng.OrderTest.createOrderTest()'><b>createOrderTest</b><br>Test class: practice.testng.OrderTest<br/>
<a href="#Output-742343633" onClick='toggleBox("Output-742343633", this, "Show output", "Hide output");'>Show output</a>

<a href="#Output-742343633" onClick="toggleAllBoxes();">Show all outputs</a>
<div class='log' id="Output-742343633">
====>createOrderTest<=======START=====<br/>
====>createOrderTest<=======END=====<br/>
</div>
</td>
<td></td>
<td>0</td>
<td>practice.testng.OrderTest@188715b5</td></tr>
<tr>
<td title='com.comcast.crm.orgtest.CreateOrg_Indu_Phone_Test.createorganWithIndTest()'><b>createorganWithIndTest</b><br>Test class: com.comcast.crm.orgtest.CreateOrg_Indu_Phone_Test<br/>
<a href="#Output-1213626151" onClick='toggleBox("Output-1213626151", this, "Show output", "Hide output");'>Show output</a>

<a href="#Output-1213626151" onClick="toggleAllBoxes();">Show all outputs</a>
<div class='log' id="Output-1213626151">
====>createorganWithIndTest<=======START=====<br/>
Energy<br/>
Press<br/>
====>createorganWithIndTest<=======END=====<br/>
</div>
</td>
<td></td>
<td>6</td>
<td>com.comcast.crm.orgtest.CreateOrg_Indu_Phone_Test@3c407114</td></tr>
<tr>
<td title='practice.testng.OrderTest.createOrderTest()'><b>createOrderTest</b><br>Test class: practice.testng.OrderTest<br/>
<a href="#Output-1891984436" onClick='toggleBox("Output-1891984436", this, "Show output", "Hide output");'>Show output</a>

<a href="#Output-1891984436" onClick="toggleAllBoxes();">Show all outputs</a>
<div class='log' id="Output-1891984436">
====>createOrderTest<=======START=====<br/>
====>createOrderTest<=======END=====<br/>
</div>
</td>
<td></td>
<td>0</td>
<td>practice.testng.OrderTest@188715b5</td></tr>
<tr>
<td title='practice.testng.OrderTest.createOrderTest()'><b>createOrderTest</b><br>Test class: practice.testng.OrderTest<br/>
<a href="#Output-41975027" onClick='toggleBox("Output-41975027", this, "Show output", "Hide output");'>Show output</a>

<a href="#Output-41975027" onClick="toggleAllBoxes();">Show all outputs</a>
<div class='log' id="Output-41975027">
====>createOrderTest<=======START=====<br/>
====>createOrderTest<=======END=====<br/>
</div>
</td>
<td></td>
<td>0</td>
<td>practice.testng.OrderTest@188715b5</td></tr>
<tr>
<td title='com.comcast.crm.contacttest.CreateContact_Org_SupDate_Test.createContactWithOrgTest()'><b>createContactWithOrgTest</b><br>Test class: com.comcast.crm.contacttest.CreateContact_Org_SupDate_Test<br/>
<a href="#Output-1515612450" onClick='toggleBox("Output-1515612450", this, "Show output", "Hide output");'>Show output</a>

<a href="#Output-1515612450" onClick="toggleAllBoxes();">Show all outputs</a>
<div class='log' id="Output-1515612450">
====>createContactWithOrgTest<=======START=====<br/>
====>createContactWithOrgTest<=======END=====<br/>
</div>
</td>
<td></td>
<td>12</td>
<td>com.comcast.crm.contacttest.CreateContact_Org_SupDate_Test@31c88ec8</td></tr>
<tr>
<td title='practice.hometest.HomePageVerificationTest.verifyLogoHomePageTest()'><b>verifyLogoHomePageTest</b><br>Test class: practice.hometest.HomePageVerificationTest<br>Parameters: public void practice.hometest.HomePageVerificationTest.verifyLogoHomePageTest(java.lang.reflect.Method)<br/>
<a href="#Output-1356806123" onClick='toggleBox("Output-1356806123", this, "Show output", "Hide output");'>Show output</a>

<a href="#Output-1356806123" onClick="toggleAllBoxes();">Show all outputs</a>
<div class='log' id="Output-1356806123">
====>verifyLogoHomePageTest<=======START=====<br/>
====>verifyLogoHomePageTest<=======END=====<br/>
</div>
</td>
<td></td>
<td>7</td>
<td>practice.hometest.HomePageVerificationTest@2c767a52</td></tr>
<tr>
<td title='practice.testng.ContactDependentTest.deleleteContactTest()'><b>deleleteContactTest</b><br>Test class: practice.testng.ContactDependentTest<br/>
<a href="#Output-773512559" onClick='toggleBox("Output-773512559", this, "Show output", "Hide output");'>Show output</a>

<a href="#Output-773512559" onClick="toggleAllBoxes();">Show all outputs</a>
<div class='log' id="Output-773512559">
====>deleleteContactTest<=======START=====<br/>
====>deleleteContactTest<=======END=====<br/>
</div>
</td>
<td></td>
<td>0</td>
<td>practice.testng.ContactDependentTest@68999068</td></tr>
<tr>
<td title='practice.testng.OrderTest.createOrderTest()'><b>createOrderTest</b><br>Test class: practice.testng.OrderTest<br/>
<a href="#Output-194746285" onClick='toggleBox("Output-194746285", this, "Show output", "Hide output");'>Show output</a>

<a href="#Output-194746285" onClick="toggleAllBoxes();">Show all outputs</a>
<div class='log' id="Output-194746285">
====>createOrderTest<=======START=====<br/>
====>createOrderTest<=======END=====<br/>
</div>
</td>
<td></td>
<td>0</td>
<td>practice.testng.OrderTest@188715b5</td></tr>
<tr>
<td title='practice.testng.ContactIndependentTest.deleleteContactTest()'><b>deleleteContactTest</b><br>Test class: practice.testng.ContactIndependentTest<br/>
<a href="#Output-493844439" onClick='toggleBox("Output-493844439", this, "Show output", "Hide output");'>Show output</a>

<a href="#Output-493844439" onClick="toggleAllBoxes();">Show all outputs</a>
<div class='log' id="Output-493844439">
====>deleleteContactTest<=======START=====<br/>
====>deleleteContactTest<=======END=====<br/>
</div>
</td>
<td></td>
<td>0</td>
<td>practice.testng.ContactIndependentTest@7722c3c3</td></tr>
<tr>
<td title='practice.testng.createContactUsingDataProviderExample2Test.createContactTest()'><b>createContactTest</b><br>Test class: practice.testng.createContactUsingDataProviderExample2Test<br>Parameters: Shankar, HR, 9898989977<br/>
<a href="#Output-222088774" onClick='toggleBox("Output-222088774", this, "Show output", "Hide output");'>Show output</a>

<a href="#Output-222088774" onClick="toggleAllBoxes();">Show all outputs</a>
<div class='log' id="Output-222088774">
====>createContactTest<=======START=====<br/>
====>createContactTest<=======END=====<br/>
</div>
</td>
<td></td>
<td>0</td>
<td>practice.testng.createContactUsingDataProviderExample2Test@243c4f91</td></tr>
<tr>
<td title='practice.hometest.HomePageSampleTest.verifyLogoHomePageTest()'><b>verifyLogoHomePageTest</b><br>Test class: practice.hometest.HomePageSampleTest<br>Parameters: public void practice.hometest.HomePageSampleTest.verifyLogoHomePageTest(java.lang.reflect.Method)<br/>
<a href="#Output-1218405027" onClick='toggleBox("Output-1218405027", this, "Show output", "Hide output");'>Show output</a>

<a href="#Output-1218405027" onClick="toggleAllBoxes();">Show all outputs</a>
<div class='log' id="Output-1218405027">
====>verifyLogoHomePageTest<=======START=====<br/>
verifyLogoHomePageTest Test Start<br/>
step-1<br/>
step-2<br/>
step-3<br/>
step-4<br/>
====>verifyLogoHomePageTest<=======END=====<br/>
</div>
</td>
<td></td>
<td>0</td>
<td>practice.hometest.HomePageSampleTest@130161f7</td></tr>
</table><p>
<table width='100%' border='1' class='invocation-skipped'>
<tr><td colspan='4' align='center'><b>SKIPPED TESTS</b></td></tr>
<tr><td><b>Test method</b></td>
<td><b>Attribute(s)</b></td>
<td width="30%"><b>Exception</b></td>
<td width="10%"><b>Time (seconds)</b></td>
<td><b>Instance</b></td>
</tr>
<tr>
<td title='com.crm.comcast.contactTest_practice.createContactTest.createContactWithDate()'><b>createContactWithDate</b><br>Test class: com.crm.comcast.contactTest_practice.createContactTest</td>
<td><div><pre>org.openqa.selenium.json.JsonException: java.lang.reflect.InvocationTargetException
Build info: version: &apos;4.12.0&apos;, revision: &apos;249f2a7d1b*&apos;
System info: os.name: &apos;Windows 10&apos;, os.arch: &apos;amd64&apos;, os.version: &apos;10.0&apos;, java.version: &apos;17.0.10&apos;
Driver info: org.openqa.selenium.chrome.ChromeDriver
Command: [183bcbfdb6998439113c546a677d8ed8, actions {actions=[org.openqa.selenium.interactions.Sequence@6c96403e]}]
Capabilities {acceptInsecureCerts: false, browserName: chrome, browserVersion: 130.0.6723.92, chrome: {chromedriverVersion: 130.0.6723.116 (6ac35f94ae3..., userDataDir: C:\Users\BHIMAS~1\AppData\L...}, fedcm:accounts: true, goog:chromeOptions: {debuggerAddress: localhost:57673}, networkConnectionEnabled: false, pageLoadStrategy: normal, platformName: windows, proxy: Proxy(), se:cdp: ws://localhost:57673/devtoo..., se:cdpVersion: 130.0.6723.92, setWindowRect: true, strictFileInteractability: false, timeouts: {implicit: 0, pageLoad: 300000, script: 30000}, unhandledPromptBehavior: dismiss and notify, webauthn:extension:credBlob: true, webauthn:extension:largeBlob: true, webauthn:extension:minPinLength: true, webauthn:extension:prf: true, webauthn:virtualAuthenticators: true}
Session ID: 183bcbfdb6998439113c546a677d8ed8
	at org.openqa.selenium.json.JsonOutput.convertUsingMethod(JsonOutput.java:520)
	at org.openqa.selenium.json.JsonOutput.lambda$new$16(JsonOutput.java:182)
	at org.openqa.selenium.json.JsonOutput.write0(JsonOutput.java:409)
	at org.openqa.selenium.json.JsonOutput.lambda$new$22(JsonOutput.java:204)
	at java.base/java.util.stream.ForEachOps$ForEachOp$OfRef.accept(ForEachOps.java:183)
	at java.base/java.util.stream.ReferencePipeline$2$1.accept(ReferencePipeline.java:179)
	at java.base/java.util.Iterator.forEachRemaining(Iterator.java:133)
	at java.base/java.util.Spliterators$IteratorSpliterator.forEachRemaining(Spliterators.java:1845)
	at java.base/java.util.stream.AbstractPipeline.copyInto(AbstractPipeline.java:509)
	at java.base/java.util.stream.AbstractPipeline.wrapAndCopyInto(AbstractPipeline.java:499)
	at java.base/java.util.stream.ForEachOps$ForEachOp.evaluateSequential(ForEachOps.java:150)
	at java.base/java.util.stream.ForEachOps$ForEachOp$OfRef.evaluateSequential(ForEachOps.java:173)
	at java.base/java.util.stream.AbstractPipeline.evaluate(AbstractPipeline.java:234)
	at java.base/java.util.stream.ReferencePipeline.forEach(ReferencePipeline.java:596)
	at org.openqa.selenium.json.JsonOutput.lambda$new$23(JsonOutput.java:204)
	at org.openqa.selenium.json.JsonOutput.write0(JsonOutput.java:409)
	at org.openqa.selenium.json.JsonOutput.lambda$new$24(JsonOutput.java:222)
	at com.google.common.collect.SingletonImmutableBiMap.forEach(SingletonImmutableBiMap.java:68)
	at org.openqa.selenium.json.JsonOutput.lambda$new$25(JsonOutput.java:217)
	at org.openqa.selenium.json.JsonOutput.write0(JsonOutput.java:409)
	at org.openqa.selenium.json.JsonOutput.write(JsonOutput.java:400)
	at org.openqa.selenium.json.Json.toJson(Json.java:133)
	at org.openqa.selenium.json.Json.toJson(Json.java:119)
	at org.openqa.selenium.remote.codec.AbstractHttpCommandCodec.encode(AbstractHttpCommandCodec.java:273)
	at org.openqa.selenium.remote.codec.AbstractHttpCommandCodec.encode(AbstractHttpCommandCodec.java:127)
	at org.openqa.selenium.remote.HttpCommandExecutor.execute(HttpCommandExecutor.java:179)
	at org.openqa.selenium.remote.service.DriverCommandExecutor.invokeExecute(DriverCommandExecutor.java:196)
	at org.openqa.selenium.remote.service.DriverCommandExecutor.execute(DriverCommandExecutor.java:171)
	at org.openqa.selenium.remote.RemoteWebDriver.execute(RemoteWebDriver.java:602)
	at org.openqa.selenium.remote.RemoteWebDriver.perform(RemoteWebDriver.java:688)
	at org.openqa.selenium.interactions.Actions$BuiltAction.perform(Actions.java:605)
	at org.openqa.selenium.interactions.Actions.perform(Actions.java:574)
	at com.comcast.crm.objectrepositoryutility.HomePage.logout(HomePage.java:99)
	at com.comcast.crm.basetest.BaseClass_practice.configAM(BaseClass_practice.java:84)
	at java.base/java.util.ArrayList.forEach(ArrayList.java:1511)
	Suppressed: org.openqa.selenium.json.JsonException: Attempting to close incomplete json stream
Build info: version: &apos;4.12.0&apos;, revision: &apos;249f2a7d1b*&apos;
System info: os.name: &apos;Windows 10&apos;, os.arch: &apos;amd64&apos;, os.version: &apos;10.0&apos;, java.version: &apos;17.0.10&apos;
Driver info: driver.version: RemoteWebDriver
		at org.openqa.selenium.json.JsonOutput.close(JsonOutput.java:431)
		at org.openqa.selenium.json.Json.toJson(Json.java:131)
		... 50 more
	at org.openqa.selenium.json.JsonOutput.convertUsingMethod(JsonOutput.java:516)
	... 71 more
Caused by: org.openqa.selenium.NoSuchElementException: no such element: Unable to locate element: {&quot;method&quot;:&quot;xpath&quot;,&quot;selector&quot;:&quot;//img[@src=&apos;themes/softed/images/user.PNG&apos;]&quot;}
  (Session info: chrome=130.0.6723.92)
For documentation on this error, please visit: https://www.selenium.dev/documentation/webdriver/troubleshooting/errors#no-such-element-exception
Build info: version: &apos;4.12.0&apos;, revision: &apos;249f2a7d1b*&apos;
System info: os.name: &apos;Windows 10&apos;, os.arch: &apos;amd64&apos;, os.version: &apos;10.0&apos;, java.version: &apos;17.0.10&apos;
Driver info: org.openqa.selenium.chrome.ChromeDriver
Command: [183bcbfdb6998439113c546a677d8ed8, findElement {using=xpath, value=//img[@src=&apos;themes/softed/images/user.PNG&apos;]}]
Capabilities {acceptInsecureCerts: false, browserName: chrome, browserVersion: 130.0.6723.92, chrome: {chromedriverVersion: 130.0.6723.116 (6ac35f94ae3..., userDataDir: C:\Users\BHIMAS~1\AppData\L...}, fedcm:accounts: true, goog:chromeOptions: {debuggerAddress: localhost:57673}, networkConnectionEnabled: false, pageLoadStrategy: normal, platformName: windows, proxy: Proxy(), se:cdp: ws://localhost:57673/devtoo..., se:cdpVersion: 130.0.6723.92, setWindowRect: true, strictFileInteractability: false, timeouts: {implicit: 0, pageLoad: 300000, script: 30000}, unhandledPromptBehavior: dismiss and notify, webauthn:extension:credBlob: true, webauthn:extension:largeBlob: true, webauthn:extension:minPinLength: true, webauthn:extension:prf: true, webauthn:virtualAuthenticators: true}
Session ID: 183bcbfdb6998439113c546a677d8ed8
	at org.openqa.selenium.remote.codec.w3c.W3CHttpResponseCodec.createException(W3CHttpResponseCodec.java:200)
	at org.openqa.selenium.remote.codec.w3c.W3CHttpResponseCodec.decode(W3CHttpResponseCodec.java:133)
	at org.openqa.selenium.remote.codec.w3c.W3CHttpResponseCodec.decode(W3CHttpResponseCodec.java:52)
	at org.openqa.selenium.remote.HttpCommandExecutor.execute(HttpCommandExecutor.java:191)
	at org.openqa.selenium.remote.service.DriverCommandExecutor.invokeExecute(DriverCommandExecutor.java:196)
	at org.openqa.selenium.remote.service.DriverCommandExecutor.execute(DriverCommandExecutor.java:171)
	at org.openqa.selenium.remote.RemoteWebDriver.execute(RemoteWebDriver.java:602)
	at org.openqa.selenium.remote.ElementLocation$ElementFinder$2.findElement(ElementLocation.java:165)
	at org.openqa.selenium.remote.ElementLocation.findElement(ElementLocation.java:59)
	at org.openqa.selenium.remote.RemoteWebDriver.findElement(RemoteWebDriver.java:359)
	at org.openqa.selenium.remote.RemoteWebDriver.findElement(RemoteWebDriver.java:353)
	at org.openqa.selenium.support.pagefactory.DefaultElementLocator.findElement(DefaultElementLocator.java:68)
	at org.openqa.selenium.support.pagefactory.internal.LocatingElementHandler.invoke(LocatingElementHandler.java:38)
	at jdk.proxy2/jdk.proxy2.$Proxy20.getWrappedElement(Unknown Source)
	at org.openqa.selenium.interactions.PointerInput$Origin.asArg(PointerInput.java:259)
	at org.openqa.selenium.interactions.PointerInput$Move.encode(PointerInput.java:208)
	at org.openqa.selenium.interactions.Sequence.encode(Sequence.java:72)
	at org.openqa.selenium.interactions.Sequence.toJson(Sequence.java:81)
	... 76 more
... Removed 47 stack frames</pre></div><a href='#' onClick='toggleBox("stack-trace731915467", this, "Click to show all stack frames", "Click to hide stack frames")'>Click to show all stack frames</a>
<div class='stack-trace' id='stack-trace731915467'><pre>org.openqa.selenium.json.JsonException: java.lang.reflect.InvocationTargetException
Build info: version: &apos;4.12.0&apos;, revision: &apos;249f2a7d1b*&apos;
System info: os.name: &apos;Windows 10&apos;, os.arch: &apos;amd64&apos;, os.version: &apos;10.0&apos;, java.version: &apos;17.0.10&apos;
Driver info: org.openqa.selenium.chrome.ChromeDriver
Command: [183bcbfdb6998439113c546a677d8ed8, actions {actions=[org.openqa.selenium.interactions.Sequence@6c96403e]}]
Capabilities {acceptInsecureCerts: false, browserName: chrome, browserVersion: 130.0.6723.92, chrome: {chromedriverVersion: 130.0.6723.116 (6ac35f94ae3..., userDataDir: C:\Users\BHIMAS~1\AppData\L...}, fedcm:accounts: true, goog:chromeOptions: {debuggerAddress: localhost:57673}, networkConnectionEnabled: false, pageLoadStrategy: normal, platformName: windows, proxy: Proxy(), se:cdp: ws://localhost:57673/devtoo..., se:cdpVersion: 130.0.6723.92, setWindowRect: true, strictFileInteractability: false, timeouts: {implicit: 0, pageLoad: 300000, script: 30000}, unhandledPromptBehavior: dismiss and notify, webauthn:extension:credBlob: true, webauthn:extension:largeBlob: true, webauthn:extension:minPinLength: true, webauthn:extension:prf: true, webauthn:virtualAuthenticators: true}
Session ID: 183bcbfdb6998439113c546a677d8ed8
	at org.openqa.selenium.json.JsonOutput.convertUsingMethod(JsonOutput.java:520)
	at org.openqa.selenium.json.JsonOutput.lambda$new$16(JsonOutput.java:182)
	at org.openqa.selenium.json.JsonOutput.write0(JsonOutput.java:409)
	at org.openqa.selenium.json.JsonOutput.lambda$new$22(JsonOutput.java:204)
	at java.base/java.util.stream.ForEachOps$ForEachOp$OfRef.accept(ForEachOps.java:183)
	at java.base/java.util.stream.ReferencePipeline$2$1.accept(ReferencePipeline.java:179)
	at java.base/java.util.Iterator.forEachRemaining(Iterator.java:133)
	at java.base/java.util.Spliterators$IteratorSpliterator.forEachRemaining(Spliterators.java:1845)
	at java.base/java.util.stream.AbstractPipeline.copyInto(AbstractPipeline.java:509)
	at java.base/java.util.stream.AbstractPipeline.wrapAndCopyInto(AbstractPipeline.java:499)
	at java.base/java.util.stream.ForEachOps$ForEachOp.evaluateSequential(ForEachOps.java:150)
	at java.base/java.util.stream.ForEachOps$ForEachOp$OfRef.evaluateSequential(ForEachOps.java:173)
	at java.base/java.util.stream.AbstractPipeline.evaluate(AbstractPipeline.java:234)
	at java.base/java.util.stream.ReferencePipeline.forEach(ReferencePipeline.java:596)
	at org.openqa.selenium.json.JsonOutput.lambda$new$23(JsonOutput.java:204)
	at org.openqa.selenium.json.JsonOutput.write0(JsonOutput.java:409)
	at org.openqa.selenium.json.JsonOutput.lambda$new$24(JsonOutput.java:222)
	at com.google.common.collect.SingletonImmutableBiMap.forEach(SingletonImmutableBiMap.java:68)
	at org.openqa.selenium.json.JsonOutput.lambda$new$25(JsonOutput.java:217)
	at org.openqa.selenium.json.JsonOutput.write0(JsonOutput.java:409)
	at org.openqa.selenium.json.JsonOutput.write(JsonOutput.java:400)
	at org.openqa.selenium.json.Json.toJson(Json.java:133)
	at org.openqa.selenium.json.Json.toJson(Json.java:119)
	at org.openqa.selenium.remote.codec.AbstractHttpCommandCodec.encode(AbstractHttpCommandCodec.java:273)
	at org.openqa.selenium.remote.codec.AbstractHttpCommandCodec.encode(AbstractHttpCommandCodec.java:127)
	at org.openqa.selenium.remote.HttpCommandExecutor.execute(HttpCommandExecutor.java:179)
	at org.openqa.selenium.remote.service.DriverCommandExecutor.invokeExecute(DriverCommandExecutor.java:196)
	at org.openqa.selenium.remote.service.DriverCommandExecutor.execute(DriverCommandExecutor.java:171)
	at org.openqa.selenium.remote.RemoteWebDriver.execute(RemoteWebDriver.java:602)
	at org.openqa.selenium.remote.RemoteWebDriver.perform(RemoteWebDriver.java:688)
	at org.openqa.selenium.interactions.Actions$BuiltAction.perform(Actions.java:605)
	at org.openqa.selenium.interactions.Actions.perform(Actions.java:574)
	at com.comcast.crm.objectrepositoryutility.HomePage.logout(HomePage.java:99)
	at com.comcast.crm.basetest.BaseClass_practice.configAM(BaseClass_practice.java:84)
	at java.base/jdk.internal.reflect.NativeMethodAccessorImpl.invoke0(Native Method)
	at java.base/jdk.internal.reflect.NativeMethodAccessorImpl.invoke(NativeMethodAccessorImpl.java:77)
	at java.base/jdk.internal.reflect.DelegatingMethodAccessorImpl.invoke(DelegatingMethodAccessorImpl.java:43)
	at java.base/java.lang.reflect.Method.invoke(Method.java:568)
	at org.testng.internal.invokers.MethodInvocationHelper.invokeMethod(MethodInvocationHelper.java:139)
	at org.testng.internal.invokers.MethodInvocationHelper.invokeMethodConsideringTimeout(MethodInvocationHelper.java:69)
	at org.testng.internal.invokers.ConfigInvoker.invokeConfigurationMethod(ConfigInvoker.java:361)
	at org.testng.internal.invokers.ConfigInvoker.invokeConfigurations(ConfigInvoker.java:296)
	at org.testng.internal.invokers.TestInvoker.runConfigMethods(TestInvoker.java:823)
	at org.testng.internal.invokers.TestInvoker.runAfterConfigurations(TestInvoker.java:792)
	at org.testng.internal.invokers.TestInvoker.invokeMethod(TestInvoker.java:768)
	at org.testng.internal.invokers.TestInvoker.invokeTestMethod(TestInvoker.java:221)
	at org.testng.internal.invokers.MethodRunner.runInSequence(MethodRunner.java:50)
	at org.testng.internal.invokers.TestInvoker$MethodInvocationAgent.invoke(TestInvoker.java:969)
	at org.testng.internal.invokers.TestInvoker.invokeTestMethods(TestInvoker.java:194)
	at org.testng.internal.invokers.TestMethodWorker.invokeTestMethods(TestMethodWorker.java:148)
	at org.testng.internal.invokers.TestMethodWorker.run(TestMethodWorker.java:128)
	at java.base/java.util.ArrayList.forEach(ArrayList.java:1511)
	at org.testng.TestRunner.privateRun(TestRunner.java:829)
	at org.testng.TestRunner.run(TestRunner.java:602)
	at org.testng.SuiteRunner.runTest(SuiteRunner.java:437)
	at org.testng.SuiteRunner.runSequentially(SuiteRunner.java:431)
	at org.testng.SuiteRunner.privateRun(SuiteRunner.java:391)
	at org.testng.SuiteRunner.run(SuiteRunner.java:330)
	at org.testng.SuiteRunnerWorker.runSuite(SuiteRunnerWorker.java:52)
	at org.testng.SuiteRunnerWorker.run(SuiteRunnerWorker.java:95)
	at org.testng.TestNG.runSuitesSequentially(TestNG.java:1256)
	at org.testng.TestNG.runSuitesLocally(TestNG.java:1176)
	at org.testng.TestNG.runSuites(TestNG.java:1099)
	at org.testng.TestNG.run(TestNG.java:1067)
	at org.apache.maven.surefire.testng.TestNGExecutor.run(TestNGExecutor.java:155)
	at org.apache.maven.surefire.testng.TestNGDirectoryTestSuite.executeMulti(TestNGDirectoryTestSuite.java:169)
	at org.apache.maven.surefire.testng.TestNGDirectoryTestSuite.execute(TestNGDirectoryTestSuite.java:88)
	at org.apache.maven.surefire.testng.TestNGProvider.invoke(TestNGProvider.java:137)
	at org.apache.maven.surefire.booter.ForkedBooter.runSuitesInProcess(ForkedBooter.java:385)
	at org.apache.maven.surefire.booter.ForkedBooter.execute(ForkedBooter.java:162)
	at org.apache.maven.surefire.booter.ForkedBooter.run(ForkedBooter.java:507)
	at org.apache.maven.surefire.booter.ForkedBooter.main(ForkedBooter.java:495)
	Suppressed: org.openqa.selenium.json.JsonException: Attempting to close incomplete json stream
Build info: version: &apos;4.12.0&apos;, revision: &apos;249f2a7d1b*&apos;
System info: os.name: &apos;Windows 10&apos;, os.arch: &apos;amd64&apos;, os.version: &apos;10.0&apos;, java.version: &apos;17.0.10&apos;
Driver info: driver.version: RemoteWebDriver
		at org.openqa.selenium.json.JsonOutput.close(JsonOutput.java:431)
		at org.openqa.selenium.json.Json.toJson(Json.java:131)
		... 50 more
Caused by: java.lang.reflect.InvocationTargetException
	at java.base/jdk.internal.reflect.NativeMethodAccessorImpl.invoke0(Native Method)
	at java.base/jdk.internal.reflect.NativeMethodAccessorImpl.invoke(NativeMethodAccessorImpl.java:77)
	at java.base/jdk.internal.reflect.DelegatingMethodAccessorImpl.invoke(DelegatingMethodAccessorImpl.java:43)
	at java.base/java.lang.reflect.Method.invoke(Method.java:568)
	at org.openqa.selenium.json.JsonOutput.convertUsingMethod(JsonOutput.java:516)
	... 71 more
Caused by: org.openqa.selenium.NoSuchElementException: no such element: Unable to locate element: {&quot;method&quot;:&quot;xpath&quot;,&quot;selector&quot;:&quot;//img[@src=&apos;themes/softed/images/user.PNG&apos;]&quot;}
  (Session info: chrome=130.0.6723.92)
For documentation on this error, please visit: https://www.selenium.dev/documentation/webdriver/troubleshooting/errors#no-such-element-exception
Build info: version: &apos;4.12.0&apos;, revision: &apos;249f2a7d1b*&apos;
System info: os.name: &apos;Windows 10&apos;, os.arch: &apos;amd64&apos;, os.version: &apos;10.0&apos;, java.version: &apos;17.0.10&apos;
Driver info: org.openqa.selenium.chrome.ChromeDriver
Command: [183bcbfdb6998439113c546a677d8ed8, findElement {using=xpath, value=//img[@src=&apos;themes/softed/images/user.PNG&apos;]}]
Capabilities {acceptInsecureCerts: false, browserName: chrome, browserVersion: 130.0.6723.92, chrome: {chromedriverVersion: 130.0.6723.116 (6ac35f94ae3..., userDataDir: C:\Users\BHIMAS~1\AppData\L...}, fedcm:accounts: true, goog:chromeOptions: {debuggerAddress: localhost:57673}, networkConnectionEnabled: false, pageLoadStrategy: normal, platformName: windows, proxy: Proxy(), se:cdp: ws://localhost:57673/devtoo..., se:cdpVersion: 130.0.6723.92, setWindowRect: true, strictFileInteractability: false, timeouts: {implicit: 0, pageLoad: 300000, script: 30000}, unhandledPromptBehavior: dismiss and notify, webauthn:extension:credBlob: true, webauthn:extension:largeBlob: true, webauthn:extension:minPinLength: true, webauthn:extension:prf: true, webauthn:virtualAuthenticators: true}
Session ID: 183bcbfdb6998439113c546a677d8ed8
	at java.base/jdk.internal.reflect.NativeConstructorAccessorImpl.newInstance0(Native Method)
	at java.base/jdk.internal.reflect.NativeConstructorAccessorImpl.newInstance(NativeConstructorAccessorImpl.java:77)
	at java.base/jdk.internal.reflect.DelegatingConstructorAccessorImpl.newInstance(DelegatingConstructorAccessorImpl.java:45)
	at java.base/java.lang.reflect.Constructor.newInstanceWithCaller(Constructor.java:499)
	at java.base/java.lang.reflect.Constructor.newInstance(Constructor.java:480)
	at org.openqa.selenium.remote.codec.w3c.W3CHttpResponseCodec.createException(W3CHttpResponseCodec.java:200)
	at org.openqa.selenium.remote.codec.w3c.W3CHttpResponseCodec.decode(W3CHttpResponseCodec.java:133)
	at org.openqa.selenium.remote.codec.w3c.W3CHttpResponseCodec.decode(W3CHttpResponseCodec.java:52)
	at org.openqa.selenium.remote.HttpCommandExecutor.execute(HttpCommandExecutor.java:191)
	at org.openqa.selenium.remote.service.DriverCommandExecutor.invokeExecute(DriverCommandExecutor.java:196)
	at org.openqa.selenium.remote.service.DriverCommandExecutor.execute(DriverCommandExecutor.java:171)
	at org.openqa.selenium.remote.RemoteWebDriver.execute(RemoteWebDriver.java:602)
	at org.openqa.selenium.remote.ElementLocation$ElementFinder$2.findElement(ElementLocation.java:165)
	at org.openqa.selenium.remote.ElementLocation.findElement(ElementLocation.java:59)
	at org.openqa.selenium.remote.RemoteWebDriver.findElement(RemoteWebDriver.java:359)
	at org.openqa.selenium.remote.RemoteWebDriver.findElement(RemoteWebDriver.java:353)
	at org.openqa.selenium.support.pagefactory.DefaultElementLocator.findElement(DefaultElementLocator.java:68)
	at org.openqa.selenium.support.pagefactory.internal.LocatingElementHandler.invoke(LocatingElementHandler.java:38)
	at jdk.proxy2/jdk.proxy2.$Proxy20.getWrappedElement(Unknown Source)
	at org.openqa.selenium.interactions.PointerInput$Origin.asArg(PointerInput.java:259)
	at org.openqa.selenium.interactions.PointerInput$Move.encode(PointerInput.java:208)
	at org.openqa.selenium.interactions.Sequence.encode(Sequence.java:72)
	at org.openqa.selenium.interactions.Sequence.toJson(Sequence.java:81)
	... 76 more
</pre></div></td>
<td>0</td>
<td>com.crm.comcast.contactTest_practice.createContactTest@35ef1869</td></tr>
</table><p>
</body>
</html>